  [1m[35m (93.7ms)[0m  [1m[35mCREATE DATABASE "MusicApp_development" ENCODING = 'unicode'[0m
  ↳ bin/rails:9
  [1m[35m (38.5ms)[0m  [1m[35mCREATE DATABASE "MusicApp_test" ENCODING = 'unicode'[0m
  ↳ bin/rails:9
  [1m[35m (2.0ms)[0m  [1m[35mCREATE DATABASE "MusicApp_development" ENCODING = 'unicode'[0m
  ↳ bin/rails:9
  [1m[35m (0.7ms)[0m  [1m[35mCREATE DATABASE "MusicApp_test" ENCODING = 'unicode'[0m
  ↳ bin/rails:9
  [1m[35m (0.8ms)[0m  [1m[35mCREATE DATABASE "MusicApp_development" ENCODING = 'unicode'[0m
  ↳ bin/rails:9
  [1m[35m (0.8ms)[0m  [1m[35mCREATE DATABASE "MusicApp_test" ENCODING = 'unicode'[0m
  ↳ bin/rails:9
  [1m[35m (9.2ms)[0m  [1m[35mCREATE TABLE "schema_migrations" ("version" character varying NOT NULL PRIMARY KEY)[0m
  ↳ bin/rails:9
  [1m[35m (3.9ms)[0m  [1m[35mCREATE TABLE "ar_internal_metadata" ("key" character varying NOT NULL PRIMARY KEY, "value" character varying, "created_at" timestamp NOT NULL, "updated_at" timestamp NOT NULL)[0m
  ↳ bin/rails:9
  [1m[35m (0.2ms)[0m  [1m[34mSELECT pg_try_advisory_lock(1555902080779534005)[0m
  ↳ bin/rails:9
  [1m[35m (0.7ms)[0m  [1m[34mSELECT "schema_migrations"."version" FROM "schema_migrations" ORDER BY "schema_migrations"."version" ASC[0m
  ↳ bin/rails:9
Migrating to CreateUsers (20220706174259)
  [1m[35m (0.1ms)[0m  [1m[35mBEGIN[0m
  ↳ bin/rails:9
  [1m[35m (5.4ms)[0m  [1m[35mCREATE TABLE "users" ("id" bigserial primary key, "email" character varying NOT NULL, "password_digest" character varying NOT NULL, "session_token" character varying NOT NULL, "created_at" timestamp NOT NULL, "updated_at" timestamp NOT NULL)[0m
  ↳ db/migrate/20220706174259_create_users.rb:3
  [1m[35m (1.1ms)[0m  [1m[35mCREATE UNIQUE INDEX  "index_users_on_email" ON "users"  ("email")[0m
  ↳ db/migrate/20220706174259_create_users.rb:11
  [1m[35m (0.8ms)[0m  [1m[35mCREATE  INDEX  "index_users_on_session_token" ON "users"  ("session_token")[0m
  ↳ db/migrate/20220706174259_create_users.rb:12
  [1m[36mActiveRecord::SchemaMigration Create (0.4ms)[0m  [1m[32mINSERT INTO "schema_migrations" ("version") VALUES ($1) RETURNING "version"[0m  [["version", "20220706174259"]]
  ↳ bin/rails:9
  [1m[35m (0.6ms)[0m  [1m[35mCOMMIT[0m
  ↳ bin/rails:9
  [1m[36mActiveRecord::InternalMetadata Load (0.5ms)[0m  [1m[34mSELECT  "ar_internal_metadata".* FROM "ar_internal_metadata" WHERE "ar_internal_metadata"."key" = $1 LIMIT $2[0m  [["key", "environment"], ["LIMIT", 1]]
  ↳ bin/rails:9
  [1m[35m (0.2ms)[0m  [1m[35mBEGIN[0m
  ↳ bin/rails:9
  [1m[36mActiveRecord::InternalMetadata Create (0.9ms)[0m  [1m[32mINSERT INTO "ar_internal_metadata" ("key", "value", "created_at", "updated_at") VALUES ($1, $2, $3, $4) RETURNING "key"[0m  [["key", "environment"], ["value", "development"], ["created_at", "2022-07-06 17:46:19.910009"], ["updated_at", "2022-07-06 17:46:19.910009"]]
  ↳ bin/rails:9
  [1m[35m (0.3ms)[0m  [1m[35mCOMMIT[0m
  ↳ bin/rails:9
  [1m[35m (0.1ms)[0m  [1m[34mSELECT pg_advisory_unlock(1555902080779534005)[0m
  ↳ bin/rails:9
  [1m[35m (0.2ms)[0m  [1m[34mSELECT "schema_migrations"."version" FROM "schema_migrations" ORDER BY "schema_migrations"."version" ASC[0m
  ↳ bin/rails:9
  [1m[35m (0.8ms)[0m  [1m[34mSELECT "schema_migrations"."version" FROM "schema_migrations" ORDER BY "schema_migrations"."version" ASC[0m
  ↳ /Users/andyliu/.rbenv/versions/2.5.1/bin/annotate:25
Started GET "/" for ::1 at 2022-07-06 14:58:45 -0400
  [1m[35m (0.5ms)[0m  [1m[34mSELECT "schema_migrations"."version" FROM "schema_migrations" ORDER BY "schema_migrations"."version" ASC[0m
  ↳ /Users/andyliu/.rbenv/versions/2.5.1/lib/ruby/gems/2.5.0/gems/activerecord-5.2.8/lib/active_record/log_subscriber.rb:98
Processing by Rails::WelcomeController#index as HTML
  Rendering /Users/andyliu/.rbenv/versions/2.5.1/lib/ruby/gems/2.5.0/gems/railties-5.2.8/lib/rails/templates/rails/welcome/index.html.erb
  Rendered /Users/andyliu/.rbenv/versions/2.5.1/lib/ruby/gems/2.5.0/gems/railties-5.2.8/lib/rails/templates/rails/welcome/index.html.erb (2.5ms)
Completed 200 OK in 12ms (Views: 7.1ms | ActiveRecord: 0.0ms)


Started GET "/users" for ::1 at 2022-07-06 14:58:50 -0400

SyntaxError - syntax error, unexpected ':', expecting keyword_end
    helper_method: :current_user, :logged_in?
                 ^:
  app/controllers/application_controller.rb:3:in `'
  app/controllers/users_controller.rb:1:in `<top (required)>'

Started POST "/__better_errors/005893f54129c62e/variables" for ::1 at 2022-07-06 14:58:50 -0400
Started GET "/users" for ::1 at 2022-07-06 14:59:30 -0400

AbstractController::ActionNotFound - The action 'index' could not be found for UsersController:

Started POST "/__better_errors/76dc1ea58627e1f7/variables" for ::1 at 2022-07-06 14:59:30 -0400
Started GET "/users/new" for ::1 at 2022-07-06 14:59:39 -0400
Processing by UsersController#new as HTML
  Rendering users/new.html.erb within layouts/application
  Rendered users/new.html.erb within layouts/application (0.5ms)
Completed 200 OK in 227ms (Views: 227.0ms | ActiveRecord: 0.0ms)


Started GET "/users/new" for ::1 at 2022-07-06 15:00:15 -0400
Processing by UsersController#new as HTML
  Rendering users/new.html.erb within layouts/application
  Rendered users/new.html.erb within layouts/application (0.5ms)
Completed 200 OK in 25ms (Views: 23.9ms | ActiveRecord: 0.0ms)


Started GET "/users/new" for ::1 at 2022-07-06 15:00:16 -0400
Processing by UsersController#new as HTML
  Rendering users/new.html.erb within layouts/application
  Rendered users/new.html.erb within layouts/application (0.4ms)
Completed 200 OK in 16ms (Views: 15.2ms | ActiveRecord: 0.0ms)


Started GET "/users/new" for ::1 at 2022-07-06 15:00:20 -0400
Processing by UsersController#new as HTML
  Rendering users/new.html.erb within layouts/application
  Rendered users/new.html.erb within layouts/application (0.5ms)
Completed 200 OK in 15ms (Views: 14.2ms | ActiveRecord: 0.0ms)


Started GET "/users/new" for ::1 at 2022-07-06 15:00:20 -0400
Processing by UsersController#new as HTML
  Rendering users/new.html.erb within layouts/application
  Rendered users/new.html.erb within layouts/application (0.5ms)
Completed 200 OK in 18ms (Views: 17.9ms | ActiveRecord: 0.0ms)


Started GET "/users/new" for ::1 at 2022-07-06 15:00:21 -0400
Processing by UsersController#new as HTML
  Rendering users/new.html.erb within layouts/application
  Rendered users/new.html.erb within layouts/application (0.5ms)
Completed 200 OK in 17ms (Views: 16.3ms | ActiveRecord: 0.0ms)


Started GET "/users/new" for ::1 at 2022-07-06 15:00:21 -0400
Processing by UsersController#new as HTML
  Rendering users/new.html.erb within layouts/application
  Rendered users/new.html.erb within layouts/application (0.4ms)
Completed 200 OK in 14ms (Views: 13.3ms | ActiveRecord: 0.0ms)


Started GET "/users/new" for ::1 at 2022-07-06 15:00:35 -0400
Processing by UsersController#new as HTML
  Rendering users/new.html.erb within layouts/application
  Rendered users/new.html.erb within layouts/application (0.5ms)
Completed 200 OK in 21ms (Views: 20.9ms | ActiveRecord: 0.0ms)


Started GET "/users/new" for ::1 at 2022-07-06 15:00:36 -0400
Processing by UsersController#new as HTML
  Rendering users/new.html.erb within layouts/application
  Rendered users/new.html.erb within layouts/application (0.5ms)
Completed 200 OK in 21ms (Views: 20.4ms | ActiveRecord: 0.0ms)


Started GET "/users/new" for ::1 at 2022-07-06 15:00:46 -0400
  [1m[35m (0.7ms)[0m  [1m[34mSELECT "schema_migrations"."version" FROM "schema_migrations" ORDER BY "schema_migrations"."version" ASC[0m
  ↳ /Users/andyliu/.rbenv/versions/2.5.1/lib/ruby/gems/2.5.0/gems/activerecord-5.2.8/lib/active_record/log_subscriber.rb:98
Processing by UsersController#new as HTML
  Rendering users/new.html.erb within layouts/application
  Rendered users/new.html.erb within layouts/application (1.0ms)
Completed 200 OK in 127ms (Views: 125.2ms | ActiveRecord: 0.0ms)


Started GET "/users/new" for ::1 at 2022-07-06 15:00:47 -0400
Processing by UsersController#new as HTML
  Rendering users/new.html.erb within layouts/application
  Rendered users/new.html.erb within layouts/application (0.4ms)
Completed 200 OK in 14ms (Views: 13.9ms | ActiveRecord: 0.0ms)


Started GET "/users/new" for ::1 at 2022-07-06 15:00:47 -0400
Processing by UsersController#new as HTML
  Rendering users/new.html.erb within layouts/application
  Rendered users/new.html.erb within layouts/application (0.4ms)
Completed 200 OK in 33ms (Views: 32.6ms | ActiveRecord: 0.0ms)


Started GET "/users/new" for ::1 at 2022-07-06 15:00:47 -0400
Processing by UsersController#new as HTML
  Rendering users/new.html.erb within layouts/application
  Rendered users/new.html.erb within layouts/application (0.5ms)
Completed 200 OK in 17ms (Views: 16.9ms | ActiveRecord: 0.0ms)


Started GET "/users/new" for ::1 at 2022-07-06 15:00:47 -0400
Processing by UsersController#new as HTML
  Rendering users/new.html.erb within layouts/application
  Rendered users/new.html.erb within layouts/application (0.4ms)
Completed 200 OK in 15ms (Views: 14.9ms | ActiveRecord: 0.0ms)


Started GET "/users/new" for ::1 at 2022-07-06 15:00:47 -0400
Processing by UsersController#new as HTML
  Rendering users/new.html.erb within layouts/application
  Rendered users/new.html.erb within layouts/application (0.4ms)
Completed 200 OK in 15ms (Views: 14.6ms | ActiveRecord: 0.0ms)


Started GET "/users/new" for ::1 at 2022-07-06 15:01:07 -0400
Processing by UsersController#new as HTML
  Rendering users/new.html.erb within layouts/application
  Rendered users/new.html.erb within layouts/application (0.4ms)
Completed 200 OK in 22ms (Views: 21.4ms | ActiveRecord: 0.0ms)


Started POST "/users" for ::1 at 2022-07-06 15:01:16 -0400
Processing by UsersController#create as HTML
  Parameters: {"user"=>{"email"=>"hello123", "password"=>"[FILTERED]"}}
Can't verify CSRF token authenticity.
Completed 422 Unprocessable Entity in 1ms (ActiveRecord: 0.0ms)



ActionController::InvalidAuthenticityToken - ActionController::InvalidAuthenticityToken:

Started POST "/__better_errors/700cd2fd8e3ca609/variables" for ::1 at 2022-07-06 15:01:16 -0400
Started POST "/users" for ::1 at 2022-07-06 15:04:38 -0400
Processing by UsersController#create as HTML
  Parameters: {"user"=>{"email"=>"hello123", "password"=>"[FILTERED]"}}
Can't verify CSRF token authenticity.
Completed 422 Unprocessable Entity in 1ms (ActiveRecord: 0.0ms)



ActionController::InvalidAuthenticityToken - ActionController::InvalidAuthenticityToken:

Started POST "/__better_errors/580521b6b8d714c2/variables" for ::1 at 2022-07-06 15:04:38 -0400
Started GET "/users/new" for ::1 at 2022-07-06 15:04:50 -0400
Processing by UsersController#new as HTML
  Rendering users/new.html.erb within layouts/application
  Rendered users/new.html.erb within layouts/application (0.5ms)
Completed 200 OK in 18ms (Views: 17.3ms | ActiveRecord: 0.0ms)


Started POST "/users" for ::1 at 2022-07-06 15:04:56 -0400
Processing by UsersController#create as HTML
  Parameters: {"user"=>{"email"=>"hello123", "password"=>"[FILTERED]"}}
Can't verify CSRF token authenticity.
Completed 422 Unprocessable Entity in 0ms (ActiveRecord: 0.0ms)



ActionController::InvalidAuthenticityToken - ActionController::InvalidAuthenticityToken:

Started POST "/__better_errors/33a20b83af400b5c/variables" for ::1 at 2022-07-06 15:04:56 -0400
Started POST "/users" for ::1 at 2022-07-06 15:05:29 -0400
Processing by UsersController#create as HTML
  Parameters: {"user"=>{"email"=>"hello123", "password"=>"[FILTERED]"}}
Can't verify CSRF token authenticity.
Completed 422 Unprocessable Entity in 1ms (ActiveRecord: 0.0ms)



ActionController::InvalidAuthenticityToken - ActionController::InvalidAuthenticityToken:

Started POST "/__better_errors/c5ec16454f1a0e82/variables" for ::1 at 2022-07-06 15:05:29 -0400
Started GET "/users/new" for ::1 at 2022-07-06 15:05:54 -0400
  [1m[35m (0.5ms)[0m  [1m[34mSELECT "schema_migrations"."version" FROM "schema_migrations" ORDER BY "schema_migrations"."version" ASC[0m
  ↳ /Users/andyliu/.rbenv/versions/2.5.1/lib/ruby/gems/2.5.0/gems/activerecord-5.2.8/lib/active_record/log_subscriber.rb:98
Processing by UsersController#new as HTML
  Rendering users/new.html.erb within layouts/application
  Rendered users/new.html.erb within layouts/application (1.0ms)
Completed 200 OK in 142ms (Views: 139.8ms | ActiveRecord: 0.0ms)


Started POST "/users" for ::1 at 2022-07-06 15:05:58 -0400
Processing by UsersController#create as HTML
  Parameters: {"user"=>{"email"=>"hello123", "password"=>"[FILTERED]"}}
Completed 500 Internal Server Error in 12ms (ActiveRecord: 4.1ms)



NameError - uninitialized constant User::Bcrypt:
  app/models/user.rb:30:in `password='
  app/controllers/users_controller.rb:7:in `create'

Started POST "/__better_errors/60c3c19d8c5a2a72/variables" for ::1 at 2022-07-06 15:05:58 -0400
Started GET "/users/new" for ::1 at 2022-07-06 15:07:07 -0400
Processing by UsersController#new as HTML
  Rendering users/new.html.erb within layouts/application
  Rendered users/new.html.erb within layouts/application (0.4ms)
Completed 200 OK in 13ms (Views: 12.8ms | ActiveRecord: 0.0ms)


Started POST "/users" for ::1 at 2022-07-06 15:07:11 -0400
Processing by UsersController#create as HTML
  Parameters: {"user"=>{"email"=>"hello123", "password"=>"[FILTERED]"}}
Completed 500 Internal Server Error in 12ms (ActiveRecord: 4.7ms)



NameError - uninitialized constant User::BCryptPassword:
  app/models/user.rb:30:in `password='
  app/controllers/users_controller.rb:7:in `create'

Started POST "/__better_errors/258efabc16316556/variables" for ::1 at 2022-07-06 15:07:11 -0400
Started GET "/users/new" for ::1 at 2022-07-06 15:07:22 -0400
Processing by UsersController#new as HTML
  Rendering users/new.html.erb within layouts/application
  Rendered users/new.html.erb within layouts/application (0.5ms)
Completed 200 OK in 14ms (Views: 13.8ms | ActiveRecord: 0.0ms)


Started POST "/users" for ::1 at 2022-07-06 15:07:26 -0400
Processing by UsersController#create as HTML
  Parameters: {"user"=>{"email"=>"hello123", "password"=>"[FILTERED]"}}
Completed 500 Internal Server Error in 14ms (ActiveRecord: 3.8ms)



NoMethodError - undefined method `Password' for BCrypt:Module:
  app/models/user.rb:30:in `password='
  app/controllers/users_controller.rb:7:in `create'

Started POST "/__better_errors/4b71ce9e97a10177/variables" for ::1 at 2022-07-06 15:07:26 -0400
Started GET "/users/new" for ::1 at 2022-07-06 15:07:59 -0400
Processing by UsersController#new as HTML
  Rendering users/new.html.erb within layouts/application
  Rendered users/new.html.erb within layouts/application (0.4ms)
Completed 200 OK in 14ms (Views: 13.6ms | ActiveRecord: 0.0ms)


Started POST "/users" for ::1 at 2022-07-06 15:08:01 -0400
Processing by UsersController#create as HTML
  Parameters: {"user"=>{"email"=>"hello123", "password"=>"[FILTERED]"}}
  [1m[35m (0.2ms)[0m  [1m[35mBEGIN[0m
  ↳ app/controllers/users_controller.rb:9
  [1m[36mUser Create (5.0ms)[0m  [1m[32mINSERT INTO "users" ("email", "password_digest", "session_token", "created_at", "updated_at") VALUES ($1, $2, $3, $4, $5) RETURNING "id"[0m  [["email", "hello123"], ["password_digest", "$2a$12$oCwEf6osWjUOl7NL/NKjo.uoUH9RA.M0RrtVKVASV3WvkWNW/JaEm"], ["session_token", "O5OTNwunbJoaZF4Q6lPz9Q"], ["created_at", "2022-07-06 19:08:02.500292"], ["updated_at", "2022-07-06 19:08:02.500292"]]
  ↳ app/controllers/users_controller.rb:9
  [1m[35m (1.1ms)[0m  [1m[35mCOMMIT[0m
  ↳ app/controllers/users_controller.rb:9
No template found for UsersController#create, rendering head :no_content
Completed 204 No Content in 783ms (ActiveRecord: 9.3ms)


Started POST "/users" for ::1 at 2022-07-06 15:08:03 -0400
Processing by UsersController#create as HTML
  Parameters: {"user"=>{"email"=>"hello123", "password"=>"[FILTERED]"}}
  [1m[35m (0.2ms)[0m  [1m[35mBEGIN[0m
  ↳ app/controllers/users_controller.rb:9
  [1m[36mUser Create (2.4ms)[0m  [1m[32mINSERT INTO "users" ("email", "password_digest", "session_token", "created_at", "updated_at") VALUES ($1, $2, $3, $4, $5) RETURNING "id"[0m  [["email", "hello123"], ["password_digest", "$2a$12$rAC7cmZVDOt0oiXqNXWjdu.5MsnCwG7fALRmqpmNL0rIjqAzhEfRK"], ["session_token", "U3JevMbJnYE6iruQ3pcCXg"], ["created_at", "2022-07-06 19:08:04.553163"], ["updated_at", "2022-07-06 19:08:04.553163"]]
  ↳ app/controllers/users_controller.rb:9
  [1m[35m (0.2ms)[0m  [1m[31mROLLBACK[0m
  ↳ app/controllers/users_controller.rb:9
Completed 500 Internal Server Error in 696ms (ActiveRecord: 2.7ms)



ActiveRecord::RecordNotUnique - PG::UniqueViolation: ERROR:  duplicate key value violates unique constraint "index_users_on_email"
DETAIL:  Key (email)=(hello123) already exists.
: INSERT INTO "users" ("email", "password_digest", "session_token", "created_at", "updated_at") VALUES ($1, $2, $3, $4, $5) RETURNING "id":
  app/controllers/users_controller.rb:9:in `create'

Started POST "/__better_errors/eacffb034465031a/variables" for ::1 at 2022-07-06 15:08:04 -0400
Started GET "/users/new" for ::1 at 2022-07-06 15:08:25 -0400
Processing by UsersController#new as HTML
  Rendering users/new.html.erb within layouts/application
  Rendered users/new.html.erb within layouts/application (0.5ms)
Completed 200 OK in 15ms (Views: 14.1ms | ActiveRecord: 0.0ms)


Started POST "/users" for ::1 at 2022-07-06 15:08:34 -0400
Processing by UsersController#create as HTML
  Parameters: {"user"=>{"email"=>"victor", "password"=>"[FILTERED]"}}
  [1m[35m (0.2ms)[0m  [1m[35mBEGIN[0m
  ↳ app/controllers/users_controller.rb:9
  [1m[36mUser Create (0.4ms)[0m  [1m[32mINSERT INTO "users" ("email", "password_digest", "session_token", "created_at", "updated_at") VALUES ($1, $2, $3, $4, $5) RETURNING "id"[0m  [["email", "victor"], ["password_digest", "$2a$12$3cbsu9If.ZZoKgceaFMO0ue2YGO5Vq35j/m1qoifo42LfUNH.kH4K"], ["session_token", "65Y5eO1wD6s0jR_Q6Q-u_A"], ["created_at", "2022-07-06 19:08:35.424558"], ["updated_at", "2022-07-06 19:08:35.424558"]]
  ↳ app/controllers/users_controller.rb:9
  [1m[35m (0.5ms)[0m  [1m[35mCOMMIT[0m
  ↳ app/controllers/users_controller.rb:9
No template found for UsersController#create, rendering head :no_content
Completed 204 No Content in 768ms (ActiveRecord: 1.1ms)


Started POST "/users" for ::1 at 2022-07-06 15:08:35 -0400
Processing by UsersController#create as HTML
  Parameters: {"user"=>{"email"=>"victor", "password"=>"[FILTERED]"}}
  [1m[35m (0.2ms)[0m  [1m[35mBEGIN[0m
  ↳ app/controllers/users_controller.rb:9
  [1m[36mUser Create (1.3ms)[0m  [1m[32mINSERT INTO "users" ("email", "password_digest", "session_token", "created_at", "updated_at") VALUES ($1, $2, $3, $4, $5) RETURNING "id"[0m  [["email", "victor"], ["password_digest", "$2a$12$dwrlnMOq9Djv9hcC/A2WJui/Zf4SQcoQw2Sbpo67Rrp7Etw81w0Pu"], ["session_token", "h0Ea_zoOAQxFBBWU4wJYsg"], ["created_at", "2022-07-06 19:08:36.691589"], ["updated_at", "2022-07-06 19:08:36.691589"]]
  ↳ app/controllers/users_controller.rb:9
  [1m[35m (0.2ms)[0m  [1m[31mROLLBACK[0m
  ↳ app/controllers/users_controller.rb:9
Completed 500 Internal Server Error in 693ms (ActiveRecord: 1.6ms)



ActiveRecord::RecordNotUnique - PG::UniqueViolation: ERROR:  duplicate key value violates unique constraint "index_users_on_email"
DETAIL:  Key (email)=(victor) already exists.
: INSERT INTO "users" ("email", "password_digest", "session_token", "created_at", "updated_at") VALUES ($1, $2, $3, $4, $5) RETURNING "id":
  app/controllers/users_controller.rb:9:in `create'

Started POST "/__better_errors/62cbda2d94d81c12/variables" for ::1 at 2022-07-06 15:08:36 -0400
Started GET "/users/new" for ::1 at 2022-07-06 15:09:35 -0400
Processing by UsersController#new as HTML
  Rendering users/new.html.erb within layouts/application
  Rendered users/new.html.erb within layouts/application (0.4ms)
Completed 200 OK in 13ms (Views: 13.0ms | ActiveRecord: 0.0ms)


Started POST "/users" for ::1 at 2022-07-06 15:09:46 -0400
Processing by UsersController#create as HTML
  Parameters: {"user"=>{"email"=>"andrea", "password"=>"[FILTERED]"}}
  [1m[35m (0.2ms)[0m  [1m[35mBEGIN[0m
  ↳ app/controllers/users_controller.rb:9
  [1m[36mUser Create (0.4ms)[0m  [1m[32mINSERT INTO "users" ("email", "password_digest", "session_token", "created_at", "updated_at") VALUES ($1, $2, $3, $4, $5) RETURNING "id"[0m  [["email", "andrea"], ["password_digest", "$2a$12$Ve5wG7n/yrHxpIMhoFvF1.7MYUV0hsFyxhO5UCkLXs8w1Qy39eGCS"], ["session_token", "h9jHHWTAkqSJmeyWRkotvw"], ["created_at", "2022-07-06 19:09:47.624270"], ["updated_at", "2022-07-06 19:09:47.624270"]]
  ↳ app/controllers/users_controller.rb:9
  [1m[35m (0.3ms)[0m  [1m[35mCOMMIT[0m
  ↳ app/controllers/users_controller.rb:9
Redirected to http://localhost:3000/users/5
Completed 302 Found in 702ms (ActiveRecord: 6.2ms)


Started GET "/users/5" for ::1 at 2022-07-06 15:09:47 -0400

AbstractController::ActionNotFound - The action 'show' could not be found for UsersController:

Started POST "/__better_errors/1eb0b0c5a3091eef/variables" for ::1 at 2022-07-06 15:09:47 -0400
Started GET "/users/5" for ::1 at 2022-07-06 15:14:15 -0400
Processing by UsersController#show as HTML
  Parameters: {"id"=>"5"}
  [1m[36mUser Load (1.3ms)[0m  [1m[34mSELECT  "users".* FROM "users" WHERE (5) LIMIT $1[0m  [["LIMIT", 1]]
  ↳ app/controllers/users_controller.rb:4
Completed 500 Internal Server Error in 6ms (ActiveRecord: 3.0ms)



ActiveRecord::StatementInvalid - PG::DatatypeMismatch: ERROR:  argument of WHERE must be type boolean, not type integer
LINE 1: SELECT  "users".* FROM "users" WHERE (5) LIMIT $1
                                              ^
: SELECT  "users".* FROM "users" WHERE (5) LIMIT $1:
  app/controllers/users_controller.rb:4:in `show'

Started POST "/__better_errors/c61516c54c29c93c/variables" for ::1 at 2022-07-06 15:14:15 -0400
Started GET "/users/5" for ::1 at 2022-07-06 15:14:50 -0400
Processing by UsersController#show as HTML
  Parameters: {"id"=>"5"}
  [1m[36mUser Load (0.3ms)[0m  [1m[34mSELECT  "users".* FROM "users" WHERE "users"."id" = $1 LIMIT $2[0m  [["id", 5], ["LIMIT", 1]]
  ↳ app/controllers/users_controller.rb:4
  Rendering users/show.html.erb within layouts/application
  Rendered users/show.html.erb within layouts/application (0.3ms)
Completed 200 OK in 35ms (Views: 13.7ms | ActiveRecord: 5.3ms)


Started GET "/users/new" for ::1 at 2022-07-06 15:15:01 -0400
Processing by UsersController#new as HTML
  Rendering users/new.html.erb within layouts/application
  Rendered users/new.html.erb within layouts/application (0.4ms)
Completed 200 OK in 14ms (Views: 14.0ms | ActiveRecord: 0.0ms)


Started POST "/users" for ::1 at 2022-07-06 15:15:13 -0400
Processing by UsersController#create as HTML
  Parameters: {"user"=>{"email"=>"asd", "password"=>"[FILTERED]"}}
  [1m[35m (0.2ms)[0m  [1m[35mBEGIN[0m
  ↳ app/controllers/users_controller.rb:15
  [1m[36mUser Create (0.5ms)[0m  [1m[32mINSERT INTO "users" ("email", "password_digest", "session_token", "created_at", "updated_at") VALUES ($1, $2, $3, $4, $5) RETURNING "id"[0m  [["email", "asd"], ["password_digest", "$2a$12$IQs9w/8PiuuBz3bCbeqgjO7nBxdrKxAwsCJ4gHVSZnqwdRBckqM3m"], ["session_token", "84csu8e9Qq4kve9kFaQJMg"], ["created_at", "2022-07-06 19:15:14.082009"], ["updated_at", "2022-07-06 19:15:14.082009"]]
  ↳ app/controllers/users_controller.rb:15
  [1m[35m (1.6ms)[0m  [1m[35mCOMMIT[0m
  ↳ app/controllers/users_controller.rb:15
Redirected to http://localhost:3000/users/6
Completed 302 Found in 714ms (ActiveRecord: 6.1ms)


Started GET "/users/6" for ::1 at 2022-07-06 15:15:14 -0400
Processing by UsersController#show as HTML
  Parameters: {"id"=>"6"}
  [1m[36mUser Load (0.4ms)[0m  [1m[34mSELECT  "users".* FROM "users" WHERE "users"."id" = $1 LIMIT $2[0m  [["id", 6], ["LIMIT", 1]]
  ↳ app/controllers/users_controller.rb:4
  Rendering users/show.html.erb within layouts/application
  Rendered users/show.html.erb within layouts/application (0.3ms)
Completed 200 OK in 21ms (Views: 19.6ms | ActiveRecord: 0.4ms)


Started GET "/users/6" for ::1 at 2022-07-06 15:15:53 -0400
Processing by UsersController#show as HTML
  Parameters: {"id"=>"6"}
  [1m[36mUser Load (0.4ms)[0m  [1m[34mSELECT  "users".* FROM "users" WHERE "users"."id" = $1 LIMIT $2[0m  [["id", 6], ["LIMIT", 1]]
  ↳ app/controllers/users_controller.rb:4
  Rendering users/show.html.erb within layouts/application
  Rendered users/show.html.erb within layouts/application (0.3ms)
Completed 200 OK in 15ms (Views: 13.2ms | ActiveRecord: 0.4ms)


Started GET "/users/6" for ::1 at 2022-07-06 15:21:56 -0400
Processing by UsersController#show as HTML
  Parameters: {"id"=>"6"}
  [1m[36mUser Load (0.5ms)[0m  [1m[34mSELECT  "users".* FROM "users" WHERE "users"."id" = $1 LIMIT $2[0m  [["id", 6], ["LIMIT", 1]]
  ↳ app/controllers/users_controller.rb:4
  Rendering users/show.html.erb within layouts/application
  Rendered users/show.html.erb within layouts/application (0.3ms)
Completed 500 Internal Server Error in 8ms (ActiveRecord: 0.6ms)



SyntaxError - syntax error, unexpected keyword_end
...eze;@output_buffer.append=( end );@output_buffer.safe_append...
...                            ^~~
/Users/andyliu/Documents/AppAcademy/Rails/W7D3/MusicApp/app/views/layouts/application.html.erb:26: syntax error, unexpected keyword_ensure, expecting ')'
          ensure
          ^~~~~~
/Users/andyliu/Documents/AppAcademy/Rails/W7D3/MusicApp/app/views/layouts/application.html.erb:28: syntax error, unexpected keyword_end, expecting ')'
          end
          ^~~:
  app/views/layouts/application.html.erb:22:in `'
  app/controllers/users_controller.rb:5:in `show'

Started POST "/__better_errors/c79accfb97ac7952/variables" for ::1 at 2022-07-06 15:21:56 -0400
Started GET "/users/6" for ::1 at 2022-07-06 15:22:13 -0400
Processing by UsersController#show as HTML
  Parameters: {"id"=>"6"}
  [1m[36mUser Load (0.3ms)[0m  [1m[34mSELECT  "users".* FROM "users" WHERE "users"."id" = $1 LIMIT $2[0m  [["id", 6], ["LIMIT", 1]]
  ↳ app/controllers/users_controller.rb:4
  Rendering users/show.html.erb within layouts/application
  Rendered users/show.html.erb within layouts/application (0.3ms)
  [1m[36mUser Load (0.5ms)[0m  [1m[34mSELECT  "users".* FROM "users" WHERE "users"."session_token" = $1 LIMIT $2[0m  [["session_token", "7PMCItPvqKTMJo6cRIImxA"], ["LIMIT", 1]]
  ↳ app/controllers/application_controller.rb:6
Completed 200 OK in 17ms (Views: 14.9ms | ActiveRecord: 0.8ms)


Started GET "/users/6" for ::1 at 2022-07-06 15:22:56 -0400
Processing by UsersController#show as HTML
  Parameters: {"id"=>"6"}
  [1m[36mUser Load (0.3ms)[0m  [1m[34mSELECT  "users".* FROM "users" WHERE "users"."id" = $1 LIMIT $2[0m  [["id", 6], ["LIMIT", 1]]
  ↳ app/controllers/users_controller.rb:4
  Rendering users/show.html.erb within layouts/application
  Rendered users/show.html.erb within layouts/application (0.4ms)
  [1m[36mUser Load (0.4ms)[0m  [1m[34mSELECT  "users".* FROM "users" WHERE "users"."session_token" = $1 LIMIT $2[0m  [["session_token", "7PMCItPvqKTMJo6cRIImxA"], ["LIMIT", 1]]
  ↳ app/controllers/application_controller.rb:6
Completed 200 OK in 17ms (Views: 15.2ms | ActiveRecord: 0.7ms)


Started GET "/users/new" for ::1 at 2022-07-06 15:22:59 -0400
Processing by UsersController#new as HTML
  Rendering users/new.html.erb within layouts/application
  Rendered users/new.html.erb within layouts/application (0.5ms)
  [1m[36mUser Load (0.5ms)[0m  [1m[34mSELECT  "users".* FROM "users" WHERE "users"."session_token" = $1 LIMIT $2[0m  [["session_token", "7PMCItPvqKTMJo6cRIImxA"], ["LIMIT", 1]]
  ↳ app/controllers/application_controller.rb:6
Completed 200 OK in 13ms (Views: 12.7ms | ActiveRecord: 0.5ms)


Started POST "/users" for ::1 at 2022-07-06 15:23:07 -0400
Processing by UsersController#create as HTML
  Parameters: {"user"=>{"email"=>"zzz", "password"=>"[FILTERED]"}}
  [1m[35m (0.2ms)[0m  [1m[35mBEGIN[0m
  ↳ app/controllers/users_controller.rb:15
  [1m[36mUser Create (0.8ms)[0m  [1m[32mINSERT INTO "users" ("email", "password_digest", "session_token", "created_at", "updated_at") VALUES ($1, $2, $3, $4, $5) RETURNING "id"[0m  [["email", "zzz"], ["password_digest", "$2a$12$gct.H.16M97c.zaFQJbKsegzYw/JDNOL/R0I1zWQTQI2pbQRlwNqe"], ["session_token", "L-ne5csOwCgdvNeYlg3oJA"], ["created_at", "2022-07-06 19:23:07.745853"], ["updated_at", "2022-07-06 19:23:07.745853"]]
  ↳ app/controllers/users_controller.rb:15
  [1m[35m (2.3ms)[0m  [1m[35mCOMMIT[0m
  ↳ app/controllers/users_controller.rb:15
Redirected to http://localhost:3000/users/7
Completed 302 Found in 694ms (ActiveRecord: 3.3ms)


Started GET "/users/7" for ::1 at 2022-07-06 15:23:07 -0400
Processing by UsersController#show as HTML
  Parameters: {"id"=>"7"}
  [1m[36mUser Load (0.3ms)[0m  [1m[34mSELECT  "users".* FROM "users" WHERE "users"."id" = $1 LIMIT $2[0m  [["id", 7], ["LIMIT", 1]]
  ↳ app/controllers/users_controller.rb:4
  Rendering users/show.html.erb within layouts/application
  Rendered users/show.html.erb within layouts/application (0.3ms)
  [1m[36mUser Load (0.4ms)[0m  [1m[34mSELECT  "users".* FROM "users" WHERE "users"."session_token" = $1 LIMIT $2[0m  [["session_token", "0M9Ob7_gA-8E1RxyP1xWag"], ["LIMIT", 1]]
  ↳ app/controllers/application_controller.rb:6
Completed 200 OK in 20ms (Views: 18.3ms | ActiveRecord: 0.7ms)


Started GET "/users/new" for ::1 at 2022-07-06 15:40:58 -0400
  [1m[35m (0.5ms)[0m  [1m[34mSELECT "schema_migrations"."version" FROM "schema_migrations" ORDER BY "schema_migrations"."version" ASC[0m
  ↳ /Users/andyliu/.rbenv/versions/2.5.1/lib/ruby/gems/2.5.0/gems/activerecord-5.2.8/lib/active_record/log_subscriber.rb:98
Processing by UsersController#new as HTML
  Rendering users/new.html.erb within layouts/application
  Rendered users/new.html.erb within layouts/application (1.8ms)
  [1m[36mUser Load (0.5ms)[0m  [1m[34mSELECT  "users".* FROM "users" WHERE "users"."session_token" IS NULL LIMIT $1[0m  [["LIMIT", 1]]
  ↳ app/controllers/application_controller.rb:6
Completed 200 OK in 205ms (Views: 201.2ms | ActiveRecord: 1.9ms)


Started GET "/session/new" for ::1 at 2022-07-06 15:41:05 -0400
Processing by SessionsController#new as HTML
  Rendering sessions/new.html.erb within layouts/application
  Rendered sessions/new.html.erb within layouts/application (5.7ms)
Completed 500 Internal Server Error in 12ms (ActiveRecord: 0.0ms)



NoMethodError - undefined method `email' for nil:NilClass:
  app/views/sessions/new.html.erb:5:in `_app_views_sessions_new_html_erb__2116610954942636278_2252701100'
  app/controllers/sessions_controller.rb:6:in `new'

Started POST "/__better_errors/c83aece93e670f58/variables" for ::1 at 2022-07-06 15:41:05 -0400
Started GET "/session/new" for ::1 at 2022-07-06 15:41:22 -0400
Processing by SessionsController#new as HTML
  Rendering sessions/new.html.erb within layouts/application
  Rendered sessions/new.html.erb within layouts/application (0.5ms)
  [1m[36mUser Load (1.3ms)[0m  [1m[34mSELECT  "users".* FROM "users" WHERE "users"."session_token" IS NULL LIMIT $1[0m  [["LIMIT", 1]]
  ↳ app/controllers/application_controller.rb:6
Completed 200 OK in 31ms (Views: 17.0ms | ActiveRecord: 6.3ms)


Started GET "/session/new" for ::1 at 2022-07-06 15:41:40 -0400
Processing by SessionsController#new as HTML
  Rendering sessions/new.html.erb within layouts/application
  Rendered sessions/new.html.erb within layouts/application (0.5ms)
  [1m[36mUser Load (0.4ms)[0m  [1m[34mSELECT  "users".* FROM "users" WHERE "users"."session_token" IS NULL LIMIT $1[0m  [["LIMIT", 1]]
  ↳ app/controllers/application_controller.rb:6
Completed 200 OK in 20ms (Views: 19.1ms | ActiveRecord: 0.4ms)


Started POST "/session/new" for ::1 at 2022-07-06 15:41:45 -0400
  
ActionController::RoutingError (No route matches [POST] "/session/new"):
  
actionpack (5.2.8) lib/action_dispatch/middleware/debug_exceptions.rb:65:in `call'
web-console (3.7.0) lib/web_console/middleware.rb:135:in `call_app'
web-console (3.7.0) lib/web_console/middleware.rb:30:in `block in call'
web-console (3.7.0) lib/web_console/middleware.rb:20:in `catch'
web-console (3.7.0) lib/web_console/middleware.rb:20:in `call'
actionpack (5.2.8) lib/action_dispatch/middleware/show_exceptions.rb:33:in `call'
railties (5.2.8) lib/rails/rack/logger.rb:38:in `call_app'
railties (5.2.8) lib/rails/rack/logger.rb:26:in `block in call'
activesupport (5.2.8) lib/active_support/tagged_logging.rb:71:in `block in tagged'
activesupport (5.2.8) lib/active_support/tagged_logging.rb:28:in `tagged'
activesupport (5.2.8) lib/active_support/tagged_logging.rb:71:in `tagged'
railties (5.2.8) lib/rails/rack/logger.rb:26:in `call'
sprockets-rails (3.4.2) lib/sprockets/rails/quiet_assets.rb:13:in `call'
actionpack (5.2.8) lib/action_dispatch/middleware/remote_ip.rb:81:in `call'
actionpack (5.2.8) lib/action_dispatch/middleware/request_id.rb:27:in `call'
rack (2.2.4) lib/rack/method_override.rb:24:in `call'
rack (2.2.4) lib/rack/runtime.rb:22:in `call'
activesupport (5.2.8) lib/active_support/cache/strategy/local_cache_middleware.rb:29:in `call'
actionpack (5.2.8) lib/action_dispatch/middleware/executor.rb:14:in `call'
actionpack (5.2.8) lib/action_dispatch/middleware/static.rb:127:in `call'
rack (2.2.4) lib/rack/sendfile.rb:110:in `call'
railties (5.2.8) lib/rails/engine.rb:524:in `call'
puma (3.12.6) lib/puma/configuration.rb:227:in `call'
puma (3.12.6) lib/puma/server.rb:706:in `handle_request'
puma (3.12.6) lib/puma/server.rb:476:in `process_client'
puma (3.12.6) lib/puma/server.rb:334:in `block in run'
puma (3.12.6) lib/puma/thread_pool.rb:135:in `block in spawn_thread'
Started POST "/session/new" for ::1 at 2022-07-06 15:41:58 -0400
  
ActionController::RoutingError (No route matches [POST] "/session/new"):
  
actionpack (5.2.8) lib/action_dispatch/middleware/debug_exceptions.rb:65:in `call'
web-console (3.7.0) lib/web_console/middleware.rb:135:in `call_app'
web-console (3.7.0) lib/web_console/middleware.rb:30:in `block in call'
web-console (3.7.0) lib/web_console/middleware.rb:20:in `catch'
web-console (3.7.0) lib/web_console/middleware.rb:20:in `call'
actionpack (5.2.8) lib/action_dispatch/middleware/show_exceptions.rb:33:in `call'
railties (5.2.8) lib/rails/rack/logger.rb:38:in `call_app'
railties (5.2.8) lib/rails/rack/logger.rb:26:in `block in call'
activesupport (5.2.8) lib/active_support/tagged_logging.rb:71:in `block in tagged'
activesupport (5.2.8) lib/active_support/tagged_logging.rb:28:in `tagged'
activesupport (5.2.8) lib/active_support/tagged_logging.rb:71:in `tagged'
railties (5.2.8) lib/rails/rack/logger.rb:26:in `call'
sprockets-rails (3.4.2) lib/sprockets/rails/quiet_assets.rb:13:in `call'
actionpack (5.2.8) lib/action_dispatch/middleware/remote_ip.rb:81:in `call'
actionpack (5.2.8) lib/action_dispatch/middleware/request_id.rb:27:in `call'
rack (2.2.4) lib/rack/method_override.rb:24:in `call'
rack (2.2.4) lib/rack/runtime.rb:22:in `call'
activesupport (5.2.8) lib/active_support/cache/strategy/local_cache_middleware.rb:29:in `call'
actionpack (5.2.8) lib/action_dispatch/middleware/executor.rb:14:in `call'
actionpack (5.2.8) lib/action_dispatch/middleware/static.rb:127:in `call'
rack (2.2.4) lib/rack/sendfile.rb:110:in `call'
railties (5.2.8) lib/rails/engine.rb:524:in `call'
puma (3.12.6) lib/puma/configuration.rb:227:in `call'
puma (3.12.6) lib/puma/server.rb:706:in `handle_request'
puma (3.12.6) lib/puma/server.rb:476:in `process_client'
puma (3.12.6) lib/puma/server.rb:334:in `block in run'
puma (3.12.6) lib/puma/thread_pool.rb:135:in `block in spawn_thread'
Started POST "/session/new" for ::1 at 2022-07-06 15:42:02 -0400
  
ActionController::RoutingError (No route matches [POST] "/session/new"):
  
actionpack (5.2.8) lib/action_dispatch/middleware/debug_exceptions.rb:65:in `call'
web-console (3.7.0) lib/web_console/middleware.rb:135:in `call_app'
web-console (3.7.0) lib/web_console/middleware.rb:30:in `block in call'
web-console (3.7.0) lib/web_console/middleware.rb:20:in `catch'
web-console (3.7.0) lib/web_console/middleware.rb:20:in `call'
actionpack (5.2.8) lib/action_dispatch/middleware/show_exceptions.rb:33:in `call'
railties (5.2.8) lib/rails/rack/logger.rb:38:in `call_app'
railties (5.2.8) lib/rails/rack/logger.rb:26:in `block in call'
activesupport (5.2.8) lib/active_support/tagged_logging.rb:71:in `block in tagged'
activesupport (5.2.8) lib/active_support/tagged_logging.rb:28:in `tagged'
activesupport (5.2.8) lib/active_support/tagged_logging.rb:71:in `tagged'
railties (5.2.8) lib/rails/rack/logger.rb:26:in `call'
sprockets-rails (3.4.2) lib/sprockets/rails/quiet_assets.rb:13:in `call'
actionpack (5.2.8) lib/action_dispatch/middleware/remote_ip.rb:81:in `call'
actionpack (5.2.8) lib/action_dispatch/middleware/request_id.rb:27:in `call'
rack (2.2.4) lib/rack/method_override.rb:24:in `call'
rack (2.2.4) lib/rack/runtime.rb:22:in `call'
activesupport (5.2.8) lib/active_support/cache/strategy/local_cache_middleware.rb:29:in `call'
actionpack (5.2.8) lib/action_dispatch/middleware/executor.rb:14:in `call'
actionpack (5.2.8) lib/action_dispatch/middleware/static.rb:127:in `call'
rack (2.2.4) lib/rack/sendfile.rb:110:in `call'
railties (5.2.8) lib/rails/engine.rb:524:in `call'
puma (3.12.6) lib/puma/configuration.rb:227:in `call'
puma (3.12.6) lib/puma/server.rb:706:in `handle_request'
puma (3.12.6) lib/puma/server.rb:476:in `process_client'
puma (3.12.6) lib/puma/server.rb:334:in `block in run'
puma (3.12.6) lib/puma/thread_pool.rb:135:in `block in spawn_thread'
Started GET "/users/new" for ::1 at 2022-07-06 15:42:13 -0400
Processing by UsersController#new as HTML
  Rendering users/new.html.erb within layouts/application
  Rendered users/new.html.erb within layouts/application (0.5ms)
  [1m[36mUser Load (0.4ms)[0m  [1m[34mSELECT  "users".* FROM "users" WHERE "users"."session_token" IS NULL LIMIT $1[0m  [["LIMIT", 1]]
  ↳ app/controllers/application_controller.rb:6
Completed 200 OK in 20ms (Views: 19.5ms | ActiveRecord: 0.4ms)


Started POST "/users" for ::1 at 2022-07-06 15:42:18 -0400
Processing by UsersController#create as HTML
  Parameters: {"user"=>{"email"=>"hello123", "password"=>"[FILTERED]"}}
  [1m[35m (0.2ms)[0m  [1m[35mBEGIN[0m
  ↳ app/controllers/users_controller.rb:15
  [1m[36mUser Create (3.6ms)[0m  [1m[32mINSERT INTO "users" ("email", "password_digest", "session_token", "created_at", "updated_at") VALUES ($1, $2, $3, $4, $5) RETURNING "id"[0m  [["email", "hello123"], ["password_digest", "$2a$12$qY4NjwTJbrDW36CjnhY1LuX2UoUNWMq8xHA64dfQxtjp4W0.gk8mK"], ["session_token", "u6rhioH9HgvX3B8lgk6crg"], ["created_at", "2022-07-06 19:42:19.126802"], ["updated_at", "2022-07-06 19:42:19.126802"]]
  ↳ app/controllers/users_controller.rb:15
  [1m[35m (0.3ms)[0m  [1m[31mROLLBACK[0m
  ↳ app/controllers/users_controller.rb:15
Completed 500 Internal Server Error in 697ms (ActiveRecord: 4.0ms)



ActiveRecord::RecordNotUnique - PG::UniqueViolation: ERROR:  duplicate key value violates unique constraint "index_users_on_email"
DETAIL:  Key (email)=(hello123) already exists.
: INSERT INTO "users" ("email", "password_digest", "session_token", "created_at", "updated_at") VALUES ($1, $2, $3, $4, $5) RETURNING "id":
  app/controllers/users_controller.rb:15:in `create'

Started POST "/__better_errors/e66e2d89be81aa5e/variables" for ::1 at 2022-07-06 15:42:19 -0400
Started GET "/users/new" for ::1 at 2022-07-06 15:42:24 -0400
Processing by UsersController#new as HTML
  Rendering users/new.html.erb within layouts/application
  Rendered users/new.html.erb within layouts/application (0.5ms)
  [1m[36mUser Load (0.4ms)[0m  [1m[34mSELECT  "users".* FROM "users" WHERE "users"."session_token" IS NULL LIMIT $1[0m  [["LIMIT", 1]]
  ↳ app/controllers/application_controller.rb:6
Completed 200 OK in 18ms (Views: 17.1ms | ActiveRecord: 0.4ms)


Started GET "/session/new" for ::1 at 2022-07-06 15:42:27 -0400
Processing by SessionsController#new as HTML
  Rendering sessions/new.html.erb within layouts/application
  Rendered sessions/new.html.erb within layouts/application (0.6ms)
  [1m[36mUser Load (1.0ms)[0m  [1m[34mSELECT  "users".* FROM "users" WHERE "users"."session_token" IS NULL LIMIT $1[0m  [["LIMIT", 1]]
  ↳ app/controllers/application_controller.rb:6
Completed 200 OK in 26ms (Views: 24.3ms | ActiveRecord: 1.0ms)


Started POST "/session" for ::1 at 2022-07-06 15:42:31 -0400
Processing by SessionsController#create as HTML
  Parameters: {"user"=>{"email"=>"123"}}
  [1m[36mUser Load (0.2ms)[0m  [1m[34mSELECT  "users".* FROM "users" WHERE "users"."email" = $1 LIMIT $2[0m  [["email", "123"], ["LIMIT", 1]]
  ↳ app/models/user.rb:39
Completed 500 Internal Server Error in 12ms (ActiveRecord: 0.2ms)



NameError - undefined local variable or method `user' for #<Class:0x0000000103a3d758>
Did you mean?  @user:
  app/models/user.rb:41:in `find_by_creditials'
  app/controllers/sessions_controller.rb:11:in `create'

Started POST "/__better_errors/7c130a1bc7a0b64b/variables" for ::1 at 2022-07-06 15:42:31 -0400
Started POST "/session" for ::1 at 2022-07-06 15:43:23 -0400
Processing by SessionsController#create as HTML
  Parameters: {"user"=>{"email"=>"123"}}
  [1m[36mUser Load (0.5ms)[0m  [1m[34mSELECT  "users".* FROM "users" WHERE "users"."email" = $1 LIMIT $2[0m  [["email", "123"], ["LIMIT", 1]]
  ↳ app/models/user.rb:39
  Rendering sessions/new.html.erb within layouts/application
  Rendered sessions/new.html.erb within layouts/application (3.5ms)
Completed 500 Internal Server Error in 14ms (ActiveRecord: 3.0ms)



NoMethodError - undefined method `email' for nil:NilClass:
  app/views/sessions/new.html.erb:5:in `_app_views_sessions_new_html_erb__2116610954942636278_2177691440'
  app/controllers/sessions_controller.rb:17:in `create'

Started POST "/__better_errors/b94768a16bc4d05c/variables" for ::1 at 2022-07-06 15:43:23 -0400
Started GET "/users" for ::1 at 2022-07-06 15:43:35 -0400

AbstractController::ActionNotFound - The action 'index' could not be found for UsersController:

Started POST "/__better_errors/1b9f07464f216df1/variables" for ::1 at 2022-07-06 15:43:35 -0400
Started GET "/users/new" for ::1 at 2022-07-06 15:43:40 -0400
Processing by UsersController#new as HTML
  Rendering users/new.html.erb within layouts/application
  Rendered users/new.html.erb within layouts/application (0.5ms)
  [1m[36mUser Load (0.3ms)[0m  [1m[34mSELECT  "users".* FROM "users" WHERE "users"."session_token" IS NULL LIMIT $1[0m  [["LIMIT", 1]]
  ↳ app/controllers/application_controller.rb:6
Completed 200 OK in 20ms (Views: 19.7ms | ActiveRecord: 0.3ms)


Started GET "/session/new" for ::1 at 2022-07-06 15:43:43 -0400
Processing by SessionsController#new as HTML
  Rendering sessions/new.html.erb within layouts/application
  Rendered sessions/new.html.erb within layouts/application (0.6ms)
  [1m[36mUser Load (0.2ms)[0m  [1m[34mSELECT  "users".* FROM "users" WHERE "users"."session_token" IS NULL LIMIT $1[0m  [["LIMIT", 1]]
  ↳ app/controllers/application_controller.rb:6
Completed 200 OK in 29ms (Views: 18.5ms | ActiveRecord: 3.4ms)


Started POST "/session" for ::1 at 2022-07-06 15:43:46 -0400
Processing by SessionsController#create as HTML
  Parameters: {"user"=>{"email"=>"123"}}
  [1m[36mUser Load (0.3ms)[0m  [1m[34mSELECT  "users".* FROM "users" WHERE "users"."email" = $1 LIMIT $2[0m  [["email", "123"], ["LIMIT", 1]]
  ↳ app/models/user.rb:39
  Rendering sessions/new.html.erb within layouts/application
  Rendered sessions/new.html.erb within layouts/application (5.5ms)
Completed 500 Internal Server Error in 14ms (ActiveRecord: 0.3ms)



NoMethodError - undefined method `email' for nil:NilClass:
  app/views/sessions/new.html.erb:5:in `_app_views_sessions_new_html_erb__2116610954942636278_2264473880'
  app/controllers/sessions_controller.rb:17:in `create'

Started POST "/__better_errors/153d1433d417e7bf/variables" for ::1 at 2022-07-06 15:43:46 -0400
Started GET "/users/new" for ::1 at 2022-07-06 15:44:34 -0400
Processing by UsersController#new as HTML
  Rendering users/new.html.erb within layouts/application
  Rendered users/new.html.erb within layouts/application (0.5ms)
  [1m[36mUser Load (0.3ms)[0m  [1m[34mSELECT  "users".* FROM "users" WHERE "users"."session_token" IS NULL LIMIT $1[0m  [["LIMIT", 1]]
  ↳ app/controllers/application_controller.rb:6
Completed 200 OK in 20ms (Views: 19.4ms | ActiveRecord: 0.3ms)


Started GET "/session/new" for ::1 at 2022-07-06 15:44:36 -0400
Processing by SessionsController#new as HTML
  Rendering sessions/new.html.erb within layouts/application
  Rendered sessions/new.html.erb within layouts/application (0.5ms)
  [1m[36mUser Load (0.3ms)[0m  [1m[34mSELECT  "users".* FROM "users" WHERE "users"."session_token" IS NULL LIMIT $1[0m  [["LIMIT", 1]]
  ↳ app/controllers/application_controller.rb:6
Completed 200 OK in 17ms (Views: 15.8ms | ActiveRecord: 0.3ms)


Started POST "/session" for ::1 at 2022-07-06 15:44:40 -0400
Processing by SessionsController#create as HTML
  Parameters: {"user"=>{"email"=>"123"}}
  [1m[36mUser Load (0.3ms)[0m  [1m[34mSELECT  "users".* FROM "users" WHERE "users"."email" = $1 LIMIT $2[0m  [["email", "123"], ["LIMIT", 1]]
  ↳ app/models/user.rb:39
  Rendering sessions/new.html.erb within layouts/application
  Rendered sessions/new.html.erb within layouts/application (4.1ms)
Completed 500 Internal Server Error in 10ms (ActiveRecord: 0.3ms)



NoMethodError - undefined method `email' for nil:NilClass:
  app/views/sessions/new.html.erb:5:in `_app_views_sessions_new_html_erb__2116610954942636278_2516033700'
  app/controllers/sessions_controller.rb:17:in `create'

Started POST "/__better_errors/54621e0f0e907f50/variables" for ::1 at 2022-07-06 15:44:40 -0400
Started GET "/users/new" for ::1 at 2022-07-06 15:45:16 -0400
Processing by UsersController#new as HTML
  Rendering users/new.html.erb within layouts/application
  Rendered users/new.html.erb within layouts/application (0.7ms)
  [1m[36mUser Load (0.3ms)[0m  [1m[34mSELECT  "users".* FROM "users" WHERE "users"."session_token" IS NULL LIMIT $1[0m  [["LIMIT", 1]]
  ↳ app/controllers/application_controller.rb:6
Completed 200 OK in 27ms (Views: 25.5ms | ActiveRecord: 0.3ms)


Started GET "/session/new" for ::1 at 2022-07-06 15:45:17 -0400
Processing by SessionsController#new as HTML
  Rendering sessions/new.html.erb within layouts/application
  Rendered sessions/new.html.erb within layouts/application (0.6ms)
  [1m[36mUser Load (0.3ms)[0m  [1m[34mSELECT  "users".* FROM "users" WHERE "users"."session_token" IS NULL LIMIT $1[0m  [["LIMIT", 1]]
  ↳ app/controllers/application_controller.rb:6
Completed 200 OK in 25ms (Views: 23.8ms | ActiveRecord: 0.3ms)


Started POST "/session" for ::1 at 2022-07-06 15:45:21 -0400
Processing by SessionsController#create as HTML
  Parameters: {"user"=>{"email"=>"hello123", "password"=>"[FILTERED]"}}
  [1m[36mUser Load (0.5ms)[0m  [1m[34mSELECT  "users".* FROM "users" WHERE "users"."email" = $1 LIMIT $2[0m  [["email", "hello123"], ["LIMIT", 1]]
  ↳ app/models/user.rb:39
Completed 500 Internal Server Error in 37ms (ActiveRecord: 0.5ms)



NoMethodError - undefined method `is_password?' for #<User:0x000000010c2a8ef8>
Did you mean?  is_password:
  app/models/user.rb:41:in `find_by_creditials'
  app/controllers/sessions_controller.rb:11:in `create'

Started POST "/__better_errors/cb189c8f386a6a61/variables" for ::1 at 2022-07-06 15:45:21 -0400
Started GET "/session/new" for ::1 at 2022-07-06 15:45:41 -0400
Processing by SessionsController#new as HTML
  Rendering sessions/new.html.erb within layouts/application
  Rendered sessions/new.html.erb within layouts/application (0.5ms)
  [1m[36mUser Load (0.4ms)[0m  [1m[34mSELECT  "users".* FROM "users" WHERE "users"."session_token" IS NULL LIMIT $1[0m  [["LIMIT", 1]]
  ↳ app/controllers/application_controller.rb:6
Completed 200 OK in 27ms (Views: 15.3ms | ActiveRecord: 5.5ms)


Started POST "/session" for ::1 at 2022-07-06 15:45:44 -0400
Processing by SessionsController#create as HTML
  Parameters: {"user"=>{"email"=>"hello123", "password"=>"[FILTERED]"}}
  [1m[36mUser Load (0.7ms)[0m  [1m[34mSELECT  "users".* FROM "users" WHERE "users"."email" = $1 LIMIT $2[0m  [["email", "hello123"], ["LIMIT", 1]]
  ↳ app/models/user.rb:39
Redirected to http://localhost:3000/users/1
Completed 302 Found in 700ms (ActiveRecord: 0.7ms)


Started GET "/users/1" for ::1 at 2022-07-06 15:45:45 -0400
Processing by UsersController#show as HTML
  Parameters: {"id"=>"1"}
  [1m[36mUser Load (0.5ms)[0m  [1m[34mSELECT  "users".* FROM "users" WHERE "users"."id" = $1 LIMIT $2[0m  [["id", 1], ["LIMIT", 1]]
  ↳ app/controllers/users_controller.rb:4
  Rendering users/show.html.erb within layouts/application
  Rendered users/show.html.erb within layouts/application (0.3ms)
  [1m[36mUser Load (0.3ms)[0m  [1m[34mSELECT  "users".* FROM "users" WHERE "users"."session_token" = $1 LIMIT $2[0m  [["session_token", "LZ679LtU7TIjQFtEE9tzSg"], ["LIMIT", 1]]
  ↳ app/controllers/application_controller.rb:6
Completed 200 OK in 23ms (Views: 20.5ms | ActiveRecord: 0.9ms)


Started GET "/users/1" for ::1 at 2022-07-06 15:51:30 -0400
Processing by UsersController#show as HTML
  Parameters: {"id"=>"1"}
  [1m[36mUser Load (1.0ms)[0m  [1m[34mSELECT  "users".* FROM "users" WHERE "users"."id" = $1 LIMIT $2[0m  [["id", 1], ["LIMIT", 1]]
  ↳ app/controllers/users_controller.rb:4
  Rendering users/show.html.erb within layouts/application
  Rendered users/show.html.erb within layouts/application (0.5ms)
  [1m[36mUser Load (0.3ms)[0m  [1m[34mSELECT  "users".* FROM "users" WHERE "users"."session_token" = $1 LIMIT $2[0m  [["session_token", "LZ679LtU7TIjQFtEE9tzSg"], ["LIMIT", 1]]
  ↳ app/controllers/application_controller.rb:6
Completed 200 OK in 25ms (Views: 21.4ms | ActiveRecord: 1.5ms)


Started GET "/session/new" for ::1 at 2022-07-06 15:51:36 -0400
Processing by SessionsController#new as HTML
  Rendering sessions/new.html.erb within layouts/application
  Rendered sessions/new.html.erb within layouts/application (0.6ms)
  [1m[36mUser Load (0.3ms)[0m  [1m[34mSELECT  "users".* FROM "users" WHERE "users"."session_token" = $1 LIMIT $2[0m  [["session_token", "LZ679LtU7TIjQFtEE9tzSg"], ["LIMIT", 1]]
  ↳ app/controllers/application_controller.rb:6
Completed 200 OK in 20ms (Views: 19.5ms | ActiveRecord: 0.3ms)


Started POST "/session" for ::1 at 2022-07-06 15:51:40 -0400
Processing by SessionsController#create as HTML
  Parameters: {"user"=>{"email"=>"victor", "password"=>"[FILTERED]"}}
  [1m[36mUser Load (0.6ms)[0m  [1m[34mSELECT  "users".* FROM "users" WHERE "users"."email" = $1 LIMIT $2[0m  [["email", "victor"], ["LIMIT", 1]]
  ↳ app/models/user.rb:39
Redirected to http://localhost:3000/users/3
Completed 302 Found in 708ms (ActiveRecord: 0.6ms)


Started GET "/users/3" for ::1 at 2022-07-06 15:51:40 -0400
Processing by UsersController#show as HTML
  Parameters: {"id"=>"3"}
  [1m[36mUser Load (0.3ms)[0m  [1m[34mSELECT  "users".* FROM "users" WHERE "users"."id" = $1 LIMIT $2[0m  [["id", 3], ["LIMIT", 1]]
  ↳ app/controllers/users_controller.rb:4
  Rendering users/show.html.erb within layouts/application
  Rendered users/show.html.erb within layouts/application (0.3ms)
  [1m[36mUser Load (0.3ms)[0m  [1m[34mSELECT  "users".* FROM "users" WHERE "users"."session_token" = $1 LIMIT $2[0m  [["session_token", "6z8SsuAhcUwsa16JAO0x6A"], ["LIMIT", 1]]
  ↳ app/controllers/application_controller.rb:6
Completed 200 OK in 14ms (Views: 12.5ms | ActiveRecord: 0.6ms)


Started GET "/session/new" for ::1 at 2022-07-06 15:54:53 -0400
Processing by SessionsController#new as HTML
  Rendering sessions/new.html.erb within layouts/application
  Rendered sessions/new.html.erb within layouts/application (0.3ms)
  [1m[36mUser Load (0.2ms)[0m  [1m[34mSELECT  "users".* FROM "users" WHERE "users"."session_token" = $1 LIMIT $2[0m  [["session_token", "6z8SsuAhcUwsa16JAO0x6A"], ["LIMIT", 1]]
  ↳ app/controllers/application_controller.rb:6
Completed 200 OK in 27ms (Views: 13.0ms | ActiveRecord: 9.0ms)


Started POST "/session" for ::1 at 2022-07-06 15:54:56 -0400
Processing by SessionsController#create as HTML
  Parameters: {"user"=>{"email"=>"victor", "password"=>"[FILTERED]"}}
  [1m[36mUser Load (0.4ms)[0m  [1m[34mSELECT  "users".* FROM "users" WHERE "users"."email" = $1 LIMIT $2[0m  [["email", "victor"], ["LIMIT", 1]]
  ↳ app/models/user.rb:39
Redirected to http://localhost:3000/users/3
Completed 302 Found in 692ms (ActiveRecord: 0.4ms)


Started GET "/users/3" for ::1 at 2022-07-06 15:54:57 -0400
Processing by UsersController#show as HTML
  Parameters: {"id"=>"3"}
  [1m[36mUser Load (0.3ms)[0m  [1m[34mSELECT  "users".* FROM "users" WHERE "users"."id" = $1 LIMIT $2[0m  [["id", 3], ["LIMIT", 1]]
  ↳ app/controllers/users_controller.rb:4
  Rendering users/show.html.erb within layouts/application
  Rendered users/show.html.erb within layouts/application (0.3ms)
  [1m[36mUser Load (0.4ms)[0m  [1m[34mSELECT  "users".* FROM "users" WHERE "users"."session_token" = $1 LIMIT $2[0m  [["session_token", "thgzYni7AXHiDyB6jx5AWg"], ["LIMIT", 1]]
  ↳ app/controllers/application_controller.rb:6
Completed 200 OK in 16ms (Views: 14.4ms | ActiveRecord: 0.7ms)


Started GET "/users/new" for ::1 at 2022-07-06 15:56:25 -0400
Processing by UsersController#new as HTML
  Rendering users/new.html.erb within layouts/application
  Rendered users/new.html.erb within layouts/application (0.5ms)
  [1m[36mUser Load (0.4ms)[0m  [1m[34mSELECT  "users".* FROM "users" WHERE "users"."session_token" = $1 LIMIT $2[0m  [["session_token", "thgzYni7AXHiDyB6jx5AWg"], ["LIMIT", 1]]
  ↳ app/controllers/application_controller.rb:6
Completed 200 OK in 18ms (Views: 17.2ms | ActiveRecord: 0.4ms)


Started POST "/users" for ::1 at 2022-07-06 15:56:29 -0400
Processing by UsersController#create as HTML
  Parameters: {"user"=>{"email"=>"victor", "password"=>"[FILTERED]"}}
  [1m[35m (0.2ms)[0m  [1m[35mBEGIN[0m
  ↳ app/controllers/users_controller.rb:15
  [1m[36mUser Create (1.6ms)[0m  [1m[32mINSERT INTO "users" ("email", "password_digest", "session_token", "created_at", "updated_at") VALUES ($1, $2, $3, $4, $5) RETURNING "id"[0m  [["email", "victor"], ["password_digest", "$2a$12$71duVZO1sDSJcVZpH3.uQuTALJUT6XkvqyHBv8mbaM2C2AL2pMwZi"], ["session_token", "cl1h0RA2f6m59e5AthmgkQ"], ["created_at", "2022-07-06 19:56:30.178861"], ["updated_at", "2022-07-06 19:56:30.178861"]]
  ↳ app/controllers/users_controller.rb:15
  [1m[35m (0.1ms)[0m  [1m[31mROLLBACK[0m
  ↳ app/controllers/users_controller.rb:15
Completed 500 Internal Server Error in 695ms (ActiveRecord: 1.9ms)



ActiveRecord::RecordNotUnique - PG::UniqueViolation: ERROR:  duplicate key value violates unique constraint "index_users_on_email"
DETAIL:  Key (email)=(victor) already exists.
: INSERT INTO "users" ("email", "password_digest", "session_token", "created_at", "updated_at") VALUES ($1, $2, $3, $4, $5) RETURNING "id":
  app/controllers/users_controller.rb:15:in `create'

Started POST "/__better_errors/f34391d212897dd0/variables" for ::1 at 2022-07-06 15:56:30 -0400
Started GET "/session/new" for ::1 at 2022-07-06 15:56:36 -0400
Processing by SessionsController#new as HTML
  Rendering sessions/new.html.erb within layouts/application
  Rendered sessions/new.html.erb within layouts/application (0.7ms)
  [1m[36mUser Load (0.3ms)[0m  [1m[34mSELECT  "users".* FROM "users" WHERE "users"."session_token" = $1 LIMIT $2[0m  [["session_token", "thgzYni7AXHiDyB6jx5AWg"], ["LIMIT", 1]]
  ↳ app/controllers/application_controller.rb:6
Completed 200 OK in 21ms (Views: 19.9ms | ActiveRecord: 0.3ms)


Started POST "/session" for ::1 at 2022-07-06 15:56:42 -0400
Processing by SessionsController#create as HTML
  Parameters: {"user"=>{"email"=>"victor", "password"=>"[FILTERED]"}}
  [1m[36mUser Load (0.2ms)[0m  [1m[34mSELECT  "users".* FROM "users" WHERE "users"."email" = $1 LIMIT $2[0m  [["email", "victor"], ["LIMIT", 1]]
  ↳ app/models/user.rb:39
Redirected to http://localhost:3000/users/3
Completed 302 Found in 687ms (ActiveRecord: 0.2ms)


Started GET "/users/3" for ::1 at 2022-07-06 15:56:43 -0400
Processing by UsersController#show as HTML
  Parameters: {"id"=>"3"}
  [1m[36mUser Load (0.3ms)[0m  [1m[34mSELECT  "users".* FROM "users" WHERE "users"."id" = $1 LIMIT $2[0m  [["id", 3], ["LIMIT", 1]]
  ↳ app/controllers/users_controller.rb:4
  Rendering users/show.html.erb within layouts/application
  Rendered users/show.html.erb within layouts/application (0.3ms)
  [1m[36mUser Load (0.2ms)[0m  [1m[34mSELECT  "users".* FROM "users" WHERE "users"."session_token" = $1 LIMIT $2[0m  [["session_token", "i1MfERZ6eY3ptJF03rADnA"], ["LIMIT", 1]]
  ↳ app/controllers/application_controller.rb:6
Completed 200 OK in 13ms (Views: 12.0ms | ActiveRecord: 0.5ms)


Started GET "/session/new" for ::1 at 2022-07-06 15:59:58 -0400
Processing by SessionsController#new as HTML
  Rendering sessions/new.html.erb within layouts/application
  Rendered sessions/new.html.erb within layouts/application (0.4ms)
  [1m[36mUser Load (0.2ms)[0m  [1m[34mSELECT  "users".* FROM "users" WHERE "users"."session_token" = $1 LIMIT $2[0m  [["session_token", "i1MfERZ6eY3ptJF03rADnA"], ["LIMIT", 1]]
  ↳ app/controllers/application_controller.rb:6
Completed 200 OK in 34ms (Views: 23.0ms | ActiveRecord: 4.0ms)


Started POST "/session" for ::1 at 2022-07-06 16:00:00 -0400
Processing by SessionsController#create as HTML
  Parameters: {"user"=>{"email"=>"victor", "password"=>"[FILTERED]"}}
  [1m[36mUser Load (0.3ms)[0m  [1m[34mSELECT  "users".* FROM "users" WHERE "users"."email" = $1 LIMIT $2[0m  [["email", "victor"], ["LIMIT", 1]]
  ↳ app/models/user.rb:39
Redirected to http://localhost:3000/users/3
Completed 302 Found in 716ms (ActiveRecord: 0.3ms)


Started GET "/users/3" for ::1 at 2022-07-06 16:00:01 -0400
Processing by UsersController#show as HTML
  Parameters: {"id"=>"3"}
  [1m[36mUser Load (0.2ms)[0m  [1m[34mSELECT  "users".* FROM "users" WHERE "users"."id" = $1 LIMIT $2[0m  [["id", 3], ["LIMIT", 1]]
  ↳ app/controllers/users_controller.rb:4
  Rendering users/show.html.erb within layouts/application
  Rendered users/show.html.erb within layouts/application (0.3ms)
  [1m[36mUser Load (0.3ms)[0m  [1m[34mSELECT  "users".* FROM "users" WHERE "users"."session_token" = $1 LIMIT $2[0m  [["session_token", "rSi9mpxU9fyo0WRB9pioOw"], ["LIMIT", 1]]
  ↳ app/controllers/application_controller.rb:6
Completed 200 OK in 15ms (Views: 13.4ms | ActiveRecord: 0.5ms)


Started GET "/session/new" for ::1 at 2022-07-06 16:14:17 -0400
Processing by SessionsController#new as HTML
  Rendering sessions/new.html.erb within layouts/application
  Rendered sessions/new.html.erb within layouts/application (0.4ms)
  [1m[36mUser Load (0.5ms)[0m  [1m[34mSELECT  "users".* FROM "users" WHERE "users"."session_token" = $1 LIMIT $2[0m  [["session_token", "rSi9mpxU9fyo0WRB9pioOw"], ["LIMIT", 1]]
  ↳ app/controllers/application_controller.rb:6
Completed 200 OK in 15ms (Views: 14.3ms | ActiveRecord: 0.7ms)


Started POST "/session" for ::1 at 2022-07-06 16:14:26 -0400
Processing by SessionsController#create as HTML
  Parameters: {"user"=>{"email"=>"victor", "password"=>"[FILTERED]"}}
  [1m[36mUser Load (0.3ms)[0m  [1m[34mSELECT  "users".* FROM "users" WHERE "users"."email" = $1 LIMIT $2[0m  [["email", "victor"], ["LIMIT", 1]]
  ↳ app/models/user.rb:39
Redirected to http://localhost:3000/users/3
Completed 302 Found in 693ms (ActiveRecord: 0.3ms)


Started GET "/users/3" for ::1 at 2022-07-06 16:14:26 -0400
Processing by UsersController#show as HTML
  Parameters: {"id"=>"3"}
  [1m[36mUser Load (0.2ms)[0m  [1m[34mSELECT  "users".* FROM "users" WHERE "users"."id" = $1 LIMIT $2[0m  [["id", 3], ["LIMIT", 1]]
  ↳ app/controllers/users_controller.rb:4
  Rendering users/show.html.erb within layouts/application
  Rendered users/show.html.erb within layouts/application (0.3ms)
  [1m[36mUser Load (0.4ms)[0m  [1m[34mSELECT  "users".* FROM "users" WHERE "users"."session_token" = $1 LIMIT $2[0m  [["session_token", "MEwNmNnEoF-wbaSVvHjqbg"], ["LIMIT", 1]]
  ↳ app/controllers/application_controller.rb:6
Completed 200 OK in 19ms (Views: 17.0ms | ActiveRecord: 0.6ms)


Started GET "/session/new" for ::1 at 2022-07-06 16:16:18 -0400
Processing by SessionsController#new as HTML
  Rendering sessions/new.html.erb within layouts/application
  Rendered sessions/new.html.erb within layouts/application (0.6ms)
  [1m[36mUser Load (0.8ms)[0m  [1m[34mSELECT  "users".* FROM "users" WHERE "users"."session_token" = $1 LIMIT $2[0m  [["session_token", "MEwNmNnEoF-wbaSVvHjqbg"], ["LIMIT", 1]]
  ↳ app/controllers/application_controller.rb:6
Completed 200 OK in 20ms (Views: 18.5ms | ActiveRecord: 0.8ms)


Started GET "/session/new" for ::1 at 2022-07-06 16:18:06 -0400
Processing by SessionsController#new as HTML
  Rendering sessions/new.html.erb within layouts/application
  Rendered sessions/new.html.erb within layouts/application (0.4ms)
  [1m[36mUser Load (0.4ms)[0m  [1m[34mSELECT  "users".* FROM "users" WHERE "users"."session_token" = $1 LIMIT $2[0m  [["session_token", "MEwNmNnEoF-wbaSVvHjqbg"], ["LIMIT", 1]]
  ↳ app/controllers/application_controller.rb:6
Completed 200 OK in 18ms (Views: 16.9ms | ActiveRecord: 0.4ms)


Started GET "/users/new" for ::1 at 2022-07-06 16:18:08 -0400
Processing by UsersController#new as HTML
  Rendering users/new.html.erb within layouts/application
  Rendered users/new.html.erb within layouts/application (0.7ms)
  [1m[36mUser Load (0.4ms)[0m  [1m[34mSELECT  "users".* FROM "users" WHERE "users"."session_token" = $1 LIMIT $2[0m  [["session_token", "MEwNmNnEoF-wbaSVvHjqbg"], ["LIMIT", 1]]
  ↳ app/controllers/application_controller.rb:6
Completed 200 OK in 29ms (Views: 26.3ms | ActiveRecord: 0.4ms)


Started GET "/session/new" for ::1 at 2022-07-06 16:18:09 -0400
Processing by SessionsController#new as HTML
  Rendering sessions/new.html.erb within layouts/application
  Rendered sessions/new.html.erb within layouts/application (0.4ms)
  [1m[36mUser Load (0.4ms)[0m  [1m[34mSELECT  "users".* FROM "users" WHERE "users"."session_token" = $1 LIMIT $2[0m  [["session_token", "MEwNmNnEoF-wbaSVvHjqbg"], ["LIMIT", 1]]
  ↳ app/controllers/application_controller.rb:6
Completed 200 OK in 29ms (Views: 27.4ms | ActiveRecord: 0.4ms)


Started GET "/session/new" for ::1 at 2022-07-06 16:21:41 -0400
Processing by SessionsController#new as HTML
  Rendering sessions/new.html.erb within layouts/application
  Rendered sessions/new.html.erb within layouts/application (0.7ms)
  [1m[36mUser Load (0.3ms)[0m  [1m[34mSELECT  "users".* FROM "users" WHERE "users"."session_token" = $1 LIMIT $2[0m  [["session_token", "MEwNmNnEoF-wbaSVvHjqbg"], ["LIMIT", 1]]
  ↳ app/controllers/application_controller.rb:6
Completed 200 OK in 22ms (Views: 21.4ms | ActiveRecord: 0.3ms)


Started POST "/session" for ::1 at 2022-07-06 16:21:49 -0400
Processing by SessionsController#create as HTML
  Parameters: {"user"=>{"email"=>"kdskfnko", "password"=>"[FILTERED]"}}
  [1m[36mUser Load (0.8ms)[0m  [1m[34mSELECT  "users".* FROM "users" WHERE "users"."email" = $1 LIMIT $2[0m  [["email", "kdskfnko"], ["LIMIT", 1]]
  ↳ app/models/user.rb:39
  Rendering sessions/new.html.erb within layouts/application
  Rendered sessions/new.html.erb within layouts/application (5.8ms)
Completed 500 Internal Server Error in 17ms (ActiveRecord: 0.8ms)



NoMethodError - undefined method `email' for nil:NilClass:
  app/views/sessions/new.html.erb:5:in `_app_views_sessions_new_html_erb__2116610954942636278_2249525560'
  app/controllers/sessions_controller.rb:17:in `create'

Started POST "/__better_errors/3937cb1705524293/variables" for ::1 at 2022-07-06 16:21:49 -0400
Started GET "/users/new" for ::1 at 2022-07-06 16:28:34 -0400
Processing by UsersController#new as HTML
  Rendering users/new.html.erb within layouts/application
  Rendered users/new.html.erb within layouts/application (0.6ms)
  [1m[36mUser Load (0.9ms)[0m  [1m[34mSELECT  "users".* FROM "users" WHERE "users"."session_token" = $1 LIMIT $2[0m  [["session_token", "MEwNmNnEoF-wbaSVvHjqbg"], ["LIMIT", 1]]
  ↳ app/controllers/application_controller.rb:6
Completed 200 OK in 25ms (Views: 23.3ms | ActiveRecord: 1.2ms)


Started POST "/users" for ::1 at 2022-07-06 16:28:43 -0400
Processing by UsersController#create as HTML
  Parameters: {"user"=>{"email"=>"kin", "password"=>"[FILTERED]"}}
  [1m[35m (0.3ms)[0m  [1m[35mBEGIN[0m
  ↳ app/controllers/users_controller.rb:15
  [1m[36mUser Create (0.6ms)[0m  [1m[32mINSERT INTO "users" ("email", "password_digest", "session_token", "created_at", "updated_at") VALUES ($1, $2, $3, $4, $5) RETURNING "id"[0m  [["email", "kin"], ["password_digest", "$2a$12$zcmXVvas2AgNXU6hhFjVp.IQZhpw1V3XZgwX7dI61TjSg7ILOwfS6"], ["session_token", "Hqhob43A5xhMJuCvIjY2cg"], ["created_at", "2022-07-06 20:28:44.211490"], ["updated_at", "2022-07-06 20:28:44.211490"]]
  ↳ app/controllers/users_controller.rb:15
  [1m[35m (1.7ms)[0m  [1m[35mCOMMIT[0m
  ↳ app/controllers/users_controller.rb:15
Redirected to http://localhost:3000/users/10
Completed 302 Found in 698ms (ActiveRecord: 2.6ms)


Started GET "/users/10" for ::1 at 2022-07-06 16:28:44 -0400
Processing by UsersController#show as HTML
  Parameters: {"id"=>"10"}
  [1m[36mUser Load (0.3ms)[0m  [1m[34mSELECT  "users".* FROM "users" WHERE "users"."id" = $1 LIMIT $2[0m  [["id", 10], ["LIMIT", 1]]
  ↳ app/controllers/users_controller.rb:4
  Rendering users/show.html.erb within layouts/application
  Rendered users/show.html.erb within layouts/application (0.3ms)
  [1m[36mUser Load (0.3ms)[0m  [1m[34mSELECT  "users".* FROM "users" WHERE "users"."session_token" = $1 LIMIT $2[0m  [["session_token", "xQwJZVCinOnwkR6VXP7R8Q"], ["LIMIT", 1]]
  ↳ app/controllers/application_controller.rb:6
Completed 200 OK in 15ms (Views: 13.5ms | ActiveRecord: 0.7ms)


Started GET "/users/new" for ::1 at 2022-07-06 16:29:47 -0400
Processing by UsersController#new as HTML
  Rendering users/new.html.erb within layouts/application
  Rendered users/new.html.erb within layouts/application (0.4ms)
  [1m[36mUser Load (0.2ms)[0m  [1m[34mSELECT  "users".* FROM "users" WHERE "users"."session_token" = $1 LIMIT $2[0m  [["session_token", "xQwJZVCinOnwkR6VXP7R8Q"], ["LIMIT", 1]]
  ↳ app/controllers/application_controller.rb:6
Completed 200 OK in 23069ms (Views: 23065.2ms | ActiveRecord: 3.0ms)


Started POST "/users" for ::1 at 2022-07-06 16:30:20 -0400
Processing by UsersController#create as HTML
  Parameters: {"user"=>{"email"=>"kin1", "password"=>"[FILTERED]"}}
  [1m[35m (0.2ms)[0m  [1m[35mBEGIN[0m
  ↳ app/controllers/users_controller.rb:15
  [1m[36mUser Create (0.4ms)[0m  [1m[32mINSERT INTO "users" ("email", "password_digest", "session_token", "created_at", "updated_at") VALUES ($1, $2, $3, $4, $5) RETURNING "id"[0m  [["email", "kin1"], ["password_digest", "$2a$12$ERAuRsReayAzgs494x423eRfbYTIqiRUe0cxtOsK8tKVXm7qFav26"], ["session_token", "qa-h2DbGhKIIfHV4RU1ZHA"], ["created_at", "2022-07-06 20:30:21.130520"], ["updated_at", "2022-07-06 20:30:21.130520"]]
  ↳ app/controllers/users_controller.rb:15
  [1m[35m (0.8ms)[0m  [1m[35mCOMMIT[0m
  ↳ app/controllers/users_controller.rb:15
Redirected to http://localhost:3000/users/11
Completed 302 Found in 721ms (ActiveRecord: 5.2ms)


Started GET "/users/11" for ::1 at 2022-07-06 16:30:21 -0400
Processing by UsersController#show as HTML
  Parameters: {"id"=>"11"}
  [1m[36mUser Load (0.7ms)[0m  [1m[34mSELECT  "users".* FROM "users" WHERE "users"."id" = $1 LIMIT $2[0m  [["id", 11], ["LIMIT", 1]]
  ↳ app/controllers/users_controller.rb:4
  Rendering users/show.html.erb within layouts/application
  Rendered users/show.html.erb within layouts/application (0.3ms)
  [1m[36mUser Load (1.0ms)[0m  [1m[34mSELECT  "users".* FROM "users" WHERE "users"."session_token" = $1 LIMIT $2[0m  [["session_token", "4WTdgKRRGbDY2BIV3KQpsQ"], ["LIMIT", 1]]
  ↳ app/controllers/application_controller.rb:6
  [1m[36mCACHE User Load (0.0ms)[0m  [1m[34mSELECT  "users".* FROM "users" WHERE "users"."session_token" = $1 LIMIT $2[0m  [["session_token", "4WTdgKRRGbDY2BIV3KQpsQ"], ["LIMIT", 1]]
  ↳ (byebug):1
  [1m[36mUser Load (35.3ms)[0m  [1m[34mSELECT  "users".* FROM "users" ORDER BY "users"."id" DESC LIMIT $1[0m  [["LIMIT", 1]]
  ↳ (byebug):1
Completed 200 OK in 288454ms (Views: 288415.0ms | ActiveRecord: 37.0ms)


Started GET "/users/new" for ::1 at 2022-07-06 16:35:18 -0400
Processing by UsersController#new as HTML
  Rendering users/new.html.erb within layouts/application
  Rendered users/new.html.erb within layouts/application (0.4ms)
  [1m[36mUser Load (0.2ms)[0m  [1m[34mSELECT  "users".* FROM "users" WHERE "users"."session_token" = $1 LIMIT $2[0m  [["session_token", "4WTdgKRRGbDY2BIV3KQpsQ"], ["LIMIT", 1]]
  ↳ app/controllers/application_controller.rb:6
Completed 200 OK in 9724ms (Views: 9722.2ms | ActiveRecord: 1.3ms)


Started POST "/users" for ::1 at 2022-07-06 16:35:35 -0400
Processing by UsersController#create as HTML
  Parameters: {"user"=>{"email"=>"andy1", "password"=>"[FILTERED]"}}
  [1m[35m (0.2ms)[0m  [1m[35mBEGIN[0m
  ↳ app/controllers/users_controller.rb:15
  [1m[36mUser Create (0.4ms)[0m  [1m[32mINSERT INTO "users" ("email", "password_digest", "session_token", "created_at", "updated_at") VALUES ($1, $2, $3, $4, $5) RETURNING "id"[0m  [["email", "andy1"], ["password_digest", "$2a$12$jroaDslQEcdw4Prl6IW2cewiM.sW9.Yht9/yoakV9ehl9LqUPP7cy"], ["session_token", "xcc4z02J7I9pH7Qxgqcmcg"], ["created_at", "2022-07-06 20:35:36.043886"], ["updated_at", "2022-07-06 20:35:36.043886"]]
  ↳ app/controllers/users_controller.rb:15
  [1m[35m (0.3ms)[0m  [1m[35mCOMMIT[0m
  ↳ app/controllers/users_controller.rb:15
  [1m[35m (0.1ms)[0m  [1m[35mBEGIN[0m
  ↳ app/models/user.rb:22
  [1m[36mUser Update (0.4ms)[0m  [1m[33mUPDATE "users" SET "session_token" = $1, "updated_at" = $2 WHERE "users"."id" = $3[0m  [["session_token", "xx3U3gNsvWJ9g5u9CVQROA"], ["updated_at", "2022-07-06 20:35:36.046175"], ["id", 12]]
  ↳ app/models/user.rb:22
  [1m[35m (0.3ms)[0m  [1m[35mCOMMIT[0m
  ↳ app/models/user.rb:22
Redirected to http://localhost:3000/users/12
Completed 302 Found in 702ms (ActiveRecord: 5.2ms)


Started GET "/users/12" for ::1 at 2022-07-06 16:35:36 -0400
Processing by UsersController#show as HTML
  Parameters: {"id"=>"12"}
  [1m[36mUser Load (0.4ms)[0m  [1m[34mSELECT  "users".* FROM "users" WHERE "users"."id" = $1 LIMIT $2[0m  [["id", 12], ["LIMIT", 1]]
  ↳ app/controllers/users_controller.rb:4
  Rendering users/show.html.erb within layouts/application
  Rendered users/show.html.erb within layouts/application (0.3ms)
  [1m[36mUser Load (0.4ms)[0m  [1m[34mSELECT  "users".* FROM "users" WHERE "users"."session_token" = $1 LIMIT $2[0m  [["session_token", "xx3U3gNsvWJ9g5u9CVQROA"], ["LIMIT", 1]]
  ↳ app/controllers/application_controller.rb:6
Completed 200 OK in 13924ms (Views: 13921.9ms | ActiveRecord: 0.8ms)


Started GET "/users/12" for ::1 at 2022-07-06 16:36:30 -0400
Processing by UsersController#show as HTML
  Parameters: {"id"=>"12"}
  [1m[36mUser Load (0.2ms)[0m  [1m[34mSELECT  "users".* FROM "users" WHERE "users"."id" = $1 LIMIT $2[0m  [["id", 12], ["LIMIT", 1]]
  ↳ app/controllers/users_controller.rb:4
  Rendering users/show.html.erb within layouts/application
  Rendered users/show.html.erb within layouts/application (0.3ms)
  [1m[36mUser Load (0.3ms)[0m  [1m[34mSELECT  "users".* FROM "users" WHERE "users"."session_token" = $1 LIMIT $2[0m  [["session_token", "xx3U3gNsvWJ9g5u9CVQROA"], ["LIMIT", 1]]
  ↳ app/controllers/application_controller.rb:6
Completed 200 OK in 8248ms (Views: 8237.1ms | ActiveRecord: 4.0ms)


Started GET "/users/new" for ::1 at 2022-07-06 16:36:42 -0400
Processing by UsersController#new as HTML
  Rendering users/new.html.erb within layouts/application
  Rendered users/new.html.erb within layouts/application (0.5ms)
  [1m[36mUser Load (0.3ms)[0m  [1m[34mSELECT  "users".* FROM "users" WHERE "users"."session_token" = $1 LIMIT $2[0m  [["session_token", "xx3U3gNsvWJ9g5u9CVQROA"], ["LIMIT", 1]]
  ↳ app/controllers/application_controller.rb:6
Completed 200 OK in 22ms (Views: 21.5ms | ActiveRecord: 0.3ms)


Started POST "/users" for ::1 at 2022-07-06 16:36:47 -0400
Processing by UsersController#create as HTML
  Parameters: {"user"=>{"email"=>"andy2", "password"=>"[FILTERED]"}}
  [1m[35m (0.2ms)[0m  [1m[35mBEGIN[0m
  ↳ app/controllers/users_controller.rb:15
  [1m[36mUser Create (0.3ms)[0m  [1m[32mINSERT INTO "users" ("email", "password_digest", "session_token", "created_at", "updated_at") VALUES ($1, $2, $3, $4, $5) RETURNING "id"[0m  [["email", "andy2"], ["password_digest", "$2a$12$KeFxOpWpod/avcLZVM2VzeIUFsHZjBHndisCpSmPFULnbDWsSt1xy"], ["session_token", "PZealD5OiIO9kh8zs7i7Zg"], ["created_at", "2022-07-06 20:36:48.557481"], ["updated_at", "2022-07-06 20:36:48.557481"]]
  ↳ app/controllers/users_controller.rb:15
  [1m[35m (0.8ms)[0m  [1m[35mCOMMIT[0m
  ↳ app/controllers/users_controller.rb:15
  [1m[35m (0.2ms)[0m  [1m[35mBEGIN[0m
  ↳ app/models/user.rb:22
  [1m[36mUser Update (0.3ms)[0m  [1m[33mUPDATE "users" SET "session_token" = $1, "updated_at" = $2 WHERE "users"."id" = $3[0m  [["session_token", "2RIBM7CyH9G1Ne3S_qivGQ"], ["updated_at", "2022-07-06 20:36:48.559998"], ["id", 13]]
  ↳ app/models/user.rb:22
  [1m[35m (0.5ms)[0m  [1m[35mCOMMIT[0m
  ↳ app/models/user.rb:22
Redirected to http://localhost:3000/users/13
Completed 302 Found in 721ms (ActiveRecord: 2.2ms)


Started GET "/users/13" for ::1 at 2022-07-06 16:36:48 -0400
Processing by UsersController#show as HTML
  Parameters: {"id"=>"13"}
  [1m[36mUser Load (0.3ms)[0m  [1m[34mSELECT  "users".* FROM "users" WHERE "users"."id" = $1 LIMIT $2[0m  [["id", 13], ["LIMIT", 1]]
  ↳ app/controllers/users_controller.rb:4
  Rendering users/show.html.erb within layouts/application
  Rendered users/show.html.erb within layouts/application (0.3ms)
  [1m[36mUser Load (0.3ms)[0m  [1m[34mSELECT  "users".* FROM "users" WHERE "users"."session_token" = $1 LIMIT $2[0m  [["session_token", "2RIBM7CyH9G1Ne3S_qivGQ"], ["LIMIT", 1]]
  ↳ app/controllers/application_controller.rb:6
Completed 200 OK in 14844ms (Views: 14842.6ms | ActiveRecord: 0.5ms)


Started GET "/users/13" for ::1 at 2022-07-06 16:38:21 -0400
  [1m[35m (0.8ms)[0m  [1m[34mSELECT "schema_migrations"."version" FROM "schema_migrations" ORDER BY "schema_migrations"."version" ASC[0m
  ↳ /Users/andyliu/.rbenv/versions/2.5.1/lib/ruby/gems/2.5.0/gems/activerecord-5.2.8/lib/active_record/log_subscriber.rb:98
Processing by UsersController#show as HTML
  Parameters: {"id"=>"13"}
  [1m[36mUser Load (0.6ms)[0m  [1m[34mSELECT  "users".* FROM "users" WHERE "users"."id" = $1 LIMIT $2[0m  [["id", 13], ["LIMIT", 1]]
  ↳ app/controllers/users_controller.rb:4
  Rendering users/show.html.erb within layouts/application
  Rendered users/show.html.erb within layouts/application (0.8ms)
  [1m[36mUser Load (0.5ms)[0m  [1m[34mSELECT  "users".* FROM "users" WHERE "users"."session_token" = $1 LIMIT $2[0m  [["session_token", "2RIBM7CyH9G1Ne3S_qivGQ"], ["LIMIT", 1]]
  ↳ app/controllers/application_controller.rb:6
Completed 200 OK in 5158ms (Views: 5141.1ms | ActiveRecord: 6.1ms)


Started GET "/users/new" for ::1 at 2022-07-06 16:38:29 -0400
Processing by UsersController#new as HTML
  Rendering users/new.html.erb within layouts/application
  Rendered users/new.html.erb within layouts/application (0.7ms)
  [1m[36mUser Load (1.3ms)[0m  [1m[34mSELECT  "users".* FROM "users" WHERE "users"."session_token" = $1 LIMIT $2[0m  [["session_token", "2RIBM7CyH9G1Ne3S_qivGQ"], ["LIMIT", 1]]
  ↳ app/controllers/application_controller.rb:6
Completed 200 OK in 3210ms (Views: 3208.3ms | ActiveRecord: 1.3ms)


Started POST "/users" for ::1 at 2022-07-06 16:38:39 -0400
Processing by UsersController#create as HTML
  Parameters: {"user"=>{"email"=>"alan", "password"=>"[FILTERED]"}}
  [1m[35m (0.2ms)[0m  [1m[35mBEGIN[0m
  ↳ app/controllers/users_controller.rb:15
  [1m[36mUser Create (0.9ms)[0m  [1m[32mINSERT INTO "users" ("email", "password_digest", "session_token", "created_at", "updated_at") VALUES ($1, $2, $3, $4, $5) RETURNING "id"[0m  [["email", "alan"], ["password_digest", "$2a$12$LUOb9SNnWcd2ns2kUW1so.UFRlOaqs0ZfmzYE5TDS23u2hpkBz/0u"], ["session_token", "REQdkRLTV6HLZwM6QMkNOw"], ["created_at", "2022-07-06 20:38:39.728942"], ["updated_at", "2022-07-06 20:38:39.728942"]]
  ↳ app/controllers/users_controller.rb:15
  [1m[35m (0.9ms)[0m  [1m[35mCOMMIT[0m
  ↳ app/controllers/users_controller.rb:15
  [1m[35m (0.1ms)[0m  [1m[35mBEGIN[0m
  ↳ app/models/user.rb:22
  [1m[36mUser Update (0.4ms)[0m  [1m[33mUPDATE "users" SET "session_token" = $1, "updated_at" = $2 WHERE "users"."id" = $3[0m  [["session_token", "OlIMdmmc844Z4G4SFs3uuA"], ["updated_at", "2022-07-06 20:38:39.732406"], ["id", 14]]
  ↳ app/models/user.rb:22
  [1m[35m (0.2ms)[0m  [1m[35mCOMMIT[0m
  ↳ app/models/user.rb:22
Redirected to http://localhost:3000/users/14
Completed 302 Found in 691ms (ActiveRecord: 2.7ms)


Started GET "/users/14" for ::1 at 2022-07-06 16:38:39 -0400
Processing by UsersController#show as HTML
  Parameters: {"id"=>"14"}
  [1m[36mUser Load (0.6ms)[0m  [1m[34mSELECT  "users".* FROM "users" WHERE "users"."id" = $1 LIMIT $2[0m  [["id", 14], ["LIMIT", 1]]
  ↳ app/controllers/users_controller.rb:4
  Rendering users/show.html.erb within layouts/application
  Rendered users/show.html.erb within layouts/application (0.4ms)
  [1m[36mUser Load (0.4ms)[0m  [1m[34mSELECT  "users".* FROM "users" WHERE "users"."session_token" = $1 LIMIT $2[0m  [["session_token", "OlIMdmmc844Z4G4SFs3uuA"], ["LIMIT", 1]]
  ↳ app/controllers/application_controller.rb:6
Completed 200 OK in 97740ms (Views: 97737.7ms | ActiveRecord: 0.9ms)


Started GET "/users/14" for ::1 at 2022-07-06 16:40:22 -0400
Processing by UsersController#show as HTML
  Parameters: {"id"=>"14"}
  [1m[36mUser Load (0.2ms)[0m  [1m[34mSELECT  "users".* FROM "users" WHERE "users"."id" = $1 LIMIT $2[0m  [["id", 14], ["LIMIT", 1]]
  ↳ app/controllers/users_controller.rb:4
  Rendering users/show.html.erb within layouts/application
  Rendered users/show.html.erb within layouts/application (0.4ms)
  [1m[36mUser Load (0.8ms)[0m  [1m[34mSELECT  "users".* FROM "users" WHERE "users"."session_token" = $1 LIMIT $2[0m  [["session_token", "OlIMdmmc844Z4G4SFs3uuA"], ["LIMIT", 1]]
  ↳ app/controllers/application_controller.rb:6
Completed 200 OK in 3112ms (Views: 3099.9ms | ActiveRecord: 5.3ms)


Started GET "/users/new" for ::1 at 2022-07-06 16:40:27 -0400
Processing by UsersController#new as HTML
  Rendering users/new.html.erb within layouts/application
  Rendered users/new.html.erb within layouts/application (0.6ms)
  [1m[36mUser Load (1.0ms)[0m  [1m[34mSELECT  "users".* FROM "users" WHERE "users"."session_token" = $1 LIMIT $2[0m  [["session_token", "OlIMdmmc844Z4G4SFs3uuA"], ["LIMIT", 1]]
  ↳ app/controllers/application_controller.rb:6
Completed 200 OK in 2900ms (Views: 2898.7ms | ActiveRecord: 1.0ms)


Started POST "/users" for ::1 at 2022-07-06 16:40:36 -0400
Processing by UsersController#create as HTML
  Parameters: {"user"=>{"email"=>"alan1", "password"=>"[FILTERED]"}}
  [1m[35m (0.2ms)[0m  [1m[35mBEGIN[0m
  ↳ app/controllers/users_controller.rb:15
  [1m[36mUser Create (0.4ms)[0m  [1m[32mINSERT INTO "users" ("email", "password_digest", "session_token", "created_at", "updated_at") VALUES ($1, $2, $3, $4, $5) RETURNING "id"[0m  [["email", "alan1"], ["password_digest", "$2a$12$ZJFrmKhOcllYD890HY4kIOwBq.SeUehVzDM0nVa5VoFRfiYEdLsRC"], ["session_token", "PmCEaGs_k27aHE49lAe9Fw"], ["created_at", "2022-07-06 20:40:36.841791"], ["updated_at", "2022-07-06 20:40:36.841791"]]
  ↳ app/controllers/users_controller.rb:15
  [1m[35m (0.4ms)[0m  [1m[35mCOMMIT[0m
  ↳ app/controllers/users_controller.rb:15
  [1m[35m (0.2ms)[0m  [1m[35mBEGIN[0m
  ↳ app/models/user.rb:22
  [1m[36mUser Update (0.7ms)[0m  [1m[33mUPDATE "users" SET "session_token" = $1, "updated_at" = $2 WHERE "users"."id" = $3[0m  [["session_token", "6KvySRe30OP4UGCcK8WhVw"], ["updated_at", "2022-07-06 20:40:36.844131"], ["id", 15]]
  ↳ app/models/user.rb:22
  [1m[35m (0.7ms)[0m  [1m[35mCOMMIT[0m
  ↳ app/models/user.rb:22
Redirected to http://localhost:3000/users/15
Completed 302 Found in 700ms (ActiveRecord: 2.7ms)


Started GET "/users/15" for ::1 at 2022-07-06 16:40:36 -0400
Processing by UsersController#show as HTML
  Parameters: {"id"=>"15"}
  [1m[36mUser Load (0.6ms)[0m  [1m[34mSELECT  "users".* FROM "users" WHERE "users"."id" = $1 LIMIT $2[0m  [["id", 15], ["LIMIT", 1]]
  ↳ app/controllers/users_controller.rb:4
  Rendering users/show.html.erb within layouts/application
  Rendered users/show.html.erb within layouts/application (0.3ms)
  [1m[36mUser Load (21.8ms)[0m  [1m[34mSELECT  "users".* FROM "users" WHERE "users"."session_token" = $1 LIMIT $2[0m  [["session_token", "6KvySRe30OP4UGCcK8WhVw"], ["LIMIT", 1]]
  ↳ app/controllers/application_controller.rb:6
